#
# There is insufficient memory for the Java Runtime Environment to continue.
# Native memory allocation (malloc) failed to allocate 331776 bytes. Error detail: Chunk::new
# Possible reasons:
#   The system is out of physical RAM or swap space
#   This process is running with CompressedOops enabled, and the Java Heap may be blocking the growth of the native heap
# Possible solutions:
#   Reduce memory load on the system
#   Increase physical memory or swap space
#   Check if swap backing store is full
#   Decrease Java heap size (-Xmx/-Xms)
#   Decrease number of Java threads
#   Decrease Java thread stack sizes (-Xss)
#   Set larger code cache with -XX:ReservedCodeCacheSize=
#   JVM is running with Unscaled Compressed Oops mode in which the Java heap is
#     placed in the first 4GB address space. The Java Heap base address is the
#     maximum limit for the native heap growth. Please use -XX:HeapBaseMinAddress
#     to set the Java Heap base and to place the Java Heap above 4GB virtual address.
# This output file may be truncated or incomplete.
#
#  Out of Memory Error (arena.cpp:191), pid=19208, tid=15208
#
# JRE version: OpenJDK Runtime Environment Temurin-17.0.13+11 (17.0.13+11) (build 17.0.13+11)
# Java VM: OpenJDK 64-Bit Server VM Temurin-17.0.13+11 (17.0.13+11, mixed mode, tiered, compressed oops, compressed class ptrs, parallel gc, windows-amd64)
# No core dump will be written. Minidumps are not enabled by default on client versions of Windows
#

---------------  S U M M A R Y ------------

Command Line: --add-modules=ALL-SYSTEM --add-opens=java.base/java.util=ALL-UNNAMED --add-opens=java.base/java.lang=ALL-UNNAMED --add-opens=java.base/sun.nio.fs=ALL-UNNAMED -Declipse.application=org.eclipse.jdt.ls.core.id1 -Dosgi.bundles.defaultStartLevel=4 -Declipse.product=org.eclipse.jdt.ls.core.product -Djava.import.generatesMetadataFilesAtProjectRoot=false -DDetectVMInstallationsJob.disabled=true -Dfile.encoding=utf8 -XX:+UseParallelGC -XX:GCTimeRatio=4 -XX:AdaptiveSizePolicyWeight=90 -Dsun.zip.disableMemoryMapping=true -Xmx1G -Xms100m -Xlog:disable -javaagent:c:\Users\lequa\.cursor\extensions\redhat.java-1.36.0-win32-x64\lombok\lombok-1.18.35.jar -XX:+HeapDumpOnOutOfMemoryError -XX:HeapDumpPath=c:\Users\lequa\AppData\Roaming\Cursor\User\workspaceStorage\c09576f1d373047de186b374643213d6\redhat.java -Daether.dependencyCollector.impl=bf c:\Users\lequa\.cursor\extensions\redhat.java-1.36.0-win32-x64\server\plugins\org.eclipse.equinox.launcher_1.6.900.v20240613-2009.jar -configuration c:\Users\lequa\AppData\Roaming\Cursor\User\globalStorage\redhat.java\1.36.0\config_win -data c:\Users\lequa\AppData\Roaming\Cursor\User\workspaceStorage\c09576f1d373047de186b374643213d6\redhat.java\jdt_ws --pipe=\\.\pipe\lsp-4fd90766118624ed3d5d465f677691eb-sock

Host: 12th Gen Intel(R) Core(TM) i7-12650H, 16 cores, 7G,  Windows 11 , 64 bit Build 22621 (10.0.22621.4391)
Time: Tue Nov 26 22:44:53 2024 SE Asia Standard Time elapsed time: 0.742158 seconds (0d 0h 0m 0s)

---------------  T H R E A D  ---------------

Current thread (0x0000018e6a08eac0):  JavaThread "C2 CompilerThread2" daemon [_thread_in_native, id=15208, stack(0x00000060f7100000,0x00000060f7200000)]


Current CompileTask:
C2:    742 1614       4       java.io.WinNTFileSystem::normalize (224 bytes)

Stack: [0x00000060f7100000,0x00000060f7200000]
Native frames: (J=compiled Java code, j=interpreted, Vv=VM code, C=native code)
V  [jvm.dll+0x682a19]
V  [jvm.dll+0x839538]
V  [jvm.dll+0x83afe3]
V  [jvm.dll+0x83b653]
V  [jvm.dll+0x24704f]
V  [jvm.dll+0xace34]
V  [jvm.dll+0xad4cc]
V  [jvm.dll+0x36597e]
V  [jvm.dll+0x32fbd8]
V  [jvm.dll+0x32f05a]
V  [jvm.dll+0x21804f]
V  [jvm.dll+0x21748f]
V  [jvm.dll+0x1a3070]
V  [jvm.dll+0x22788c]
V  [jvm.dll+0x2259eb]
V  [jvm.dll+0x7eec98]
V  [jvm.dll+0x7e8ffc]
V  [jvm.dll+0x6818f7]
C  [ucrtbase.dll+0x29333]
C  [KERNEL32.DLL+0x1259d]
C  [ntdll.dll+0x5af38]


---------------  P R O C E S S  ---------------

Threads class SMR info:
_java_thread_list=0x0000018e6c850550, length=19, elements={
0x0000018e50ead580, 0x0000018e64d37270, 0x0000018e50f5b8c0, 0x0000018e69ed2f20,
0x0000018e69ed3cb0, 0x0000018e69ed51e0, 0x0000018e69ed6510, 0x0000018e69f295b0,
0x0000018e64d383b0, 0x0000018e64d3b470, 0x0000018e69fdfd70, 0x0000018e6a08e570,
0x0000018e6a090ff0, 0x0000018e6a08fab0, 0x0000018e6a08f010, 0x0000018e6a08eac0,
0x0000018e6c0ca3e0, 0x0000018e6c8e7f90, 0x0000018e6c8e5710
}

Java Threads: ( => current thread )
  0x0000018e50ead580 JavaThread "main" [_thread_blocked, id=5864, stack(0x00000060f6000000,0x00000060f6100000)]
  0x0000018e64d37270 JavaThread "Reference Handler" daemon [_thread_blocked, id=17764, stack(0x00000060f6300000,0x00000060f6400000)]
  0x0000018e50f5b8c0 JavaThread "Finalizer" daemon [_thread_blocked, id=4276, stack(0x00000060f6400000,0x00000060f6500000)]
  0x0000018e69ed2f20 JavaThread "Signal Dispatcher" daemon [_thread_blocked, id=17180, stack(0x00000060f6500000,0x00000060f6600000)]
  0x0000018e69ed3cb0 JavaThread "Attach Listener" daemon [_thread_blocked, id=3840, stack(0x00000060f6600000,0x00000060f6700000)]
  0x0000018e69ed51e0 JavaThread "Service Thread" daemon [_thread_blocked, id=18352, stack(0x00000060f6700000,0x00000060f6800000)]
  0x0000018e69ed6510 JavaThread "Monitor Deflation Thread" daemon [_thread_blocked, id=14164, stack(0x00000060f6800000,0x00000060f6900000)]
  0x0000018e69f295b0 JavaThread "C2 CompilerThread0" daemon [_thread_blocked, id=9584, stack(0x00000060f6900000,0x00000060f6a00000)]
  0x0000018e64d383b0 JavaThread "C1 CompilerThread0" daemon [_thread_blocked, id=17812, stack(0x00000060f6a00000,0x00000060f6b00000)]
  0x0000018e64d3b470 JavaThread "Sweeper thread" daemon [_thread_blocked, id=17256, stack(0x00000060f6b00000,0x00000060f6c00000)]
  0x0000018e69fdfd70 JavaThread "Common-Cleaner" daemon [_thread_blocked, id=19140, stack(0x00000060f6c00000,0x00000060f6d00000)]
  0x0000018e6a08e570 JavaThread "C1 CompilerThread1" daemon [_thread_blocked, id=15588, stack(0x00000060f6d00000,0x00000060f6e00000)]
  0x0000018e6a090ff0 JavaThread "C1 CompilerThread2" daemon [_thread_blocked, id=6400, stack(0x00000060f6e00000,0x00000060f6f00000)]
  0x0000018e6a08fab0 JavaThread "C1 CompilerThread3" daemon [_thread_blocked, id=6788, stack(0x00000060f6f00000,0x00000060f7000000)]
  0x0000018e6a08f010 JavaThread "C2 CompilerThread1" daemon [_thread_in_native, id=16824, stack(0x00000060f7000000,0x00000060f7100000)]
=>0x0000018e6a08eac0 JavaThread "C2 CompilerThread2" daemon [_thread_in_native, id=15208, stack(0x00000060f7100000,0x00000060f7200000)]
  0x0000018e6c0ca3e0 JavaThread "Notification Thread" daemon [_thread_blocked, id=5556, stack(0x00000060f7200000,0x00000060f7300000)]
  0x0000018e6c8e7f90 JavaThread "Active Thread: Equinox Container: 5e22f83b-993f-442d-b19c-e1ff963dceb5" [_thread_blocked, id=15880, stack(0x00000060f7900000,0x00000060f7a00000)]
  0x0000018e6c8e5710 JavaThread "Refresh Thread: Equinox Container: 5e22f83b-993f-442d-b19c-e1ff963dceb5" daemon [_thread_blocked, id=15012, stack(0x00000060f7a00000,0x00000060f7b00000)]

Other Threads:
  0x0000018e64d22ad0 VMThread "VM Thread" [stack: 0x00000060f6200000,0x00000060f6300000] [id=13196]
  0x0000018e6c0db650 WatcherThread [stack: 0x00000060f7300000,0x00000060f7400000] [id=9528]
  0x0000018e50ec1fe0 GCTaskThread "GC Thread#0" [stack: 0x00000060f6100000,0x00000060f6200000] [id=17208]
  0x0000018e6c8c41a0 GCTaskThread "GC Thread#1" [stack: 0x00000060f7400000,0x00000060f7500000] [id=14148]
  0x0000018e6c931680 GCTaskThread "GC Thread#2" [stack: 0x00000060f7500000,0x00000060f7600000] [id=10092]
  0x0000018e6c931940 GCTaskThread "GC Thread#3" [stack: 0x00000060f7600000,0x00000060f7700000] [id=19160]
  0x0000018e6c931c00 GCTaskThread "GC Thread#4" [stack: 0x00000060f7700000,0x00000060f7800000] [id=11056]
  0x0000018e6c92ff00 GCTaskThread "GC Thread#5" [stack: 0x00000060f7800000,0x00000060f7900000] [id=18308]

Threads with active compile tasks:
C2 CompilerThread0      754 1667       4       java.util.LinkedHashMap$LinkedHashIterator::hasNext (13 bytes)
C1 CompilerThread2      754 1668   !   3       java.util.zip.ZipFile$CleanableResource::getInflater (47 bytes)
C1 CompilerThread3      754 1669   !   3       java.util.zip.ZipFile$CleanableResource::releaseInflater (53 bytes)
C2 CompilerThread1      754 1589       4       java.io.WinNTFileSystem::normalize (143 bytes)
C2 CompilerThread2      754 1614       4       java.io.WinNTFileSystem::normalize (224 bytes)

VM state: at safepoint (normal execution)

VM Mutex/Monitor currently owned by a thread:  ([mutex/lock_event])
[0x0000018e50eaa300] Threads_lock - owner thread: 0x0000018e64d22ad0
[0x0000018e50eaa5d0] Heap_lock - owner thread: 0x0000018e6c8e5710

Heap address: 0x00000000c0000000, size: 1024 MB, Compressed Oops mode: 32-bit

CDS archive(s) not mapped
Compressed class space mapped at: 0x0000000100000000-0x0000000140000000, reserved size: 1073741824
Narrow klass base: 0x0000000000000000, Narrow klass shift: 3, Narrow klass range: 0x140000000

GC Precious Log:
 CPUs: 16 total, 16 available
 Memory: 7893M
 Large Page Support: Disabled
 NUMA Support: Disabled
 Compressed Oops: Enabled (32-bit)
 Alignments: Space 512K, Generation 512K, Heap 2M
 Heap Min Capacity: 100M
 Heap Initial Capacity: 100M
 Heap Max Capacity: 1G
 Pre-touch: Disabled
 Parallel Workers: 13

Heap:
 PSYoungGen      total 29696K, used 28676K [0x00000000eab00000, 0x00000000ecc00000, 0x0000000100000000)
  eden space 25600K, 100% used [0x00000000eab00000,0x00000000ec400000,0x00000000ec400000)
  from space 4096K, 75% used [0x00000000ec400000,0x00000000ec701340,0x00000000ec800000)
  to   space 4096K, 99% used [0x00000000ec800000,0x00000000ecbf8ff0,0x00000000ecc00000)
 ParOldGen       total 68608K, used 620K [0x00000000c0000000, 0x00000000c4300000, 0x00000000eab00000)
  object space 68608K, 0% used [0x00000000c0000000,0x00000000c009f370,0x00000000c4300000)
 Metaspace       used 14147K, committed 14272K, reserved 1114112K
  class space    used 1400K, committed 1472K, reserved 1048576K

Card table byte_map: [0x0000018e50840000,0x0000018e50a50000] _byte_map_base: 0x0000018e50240000

Marking Bits: (ParMarkBitMap*) 0x00007ff9daf36940
 Begin Bits: [0x0000018e62b40000, 0x0000018e63b40000)
 End Bits:   [0x0000018e63b40000, 0x0000018e64b40000)

Polling page: 0x0000018e4ee00000

Metaspace:

Usage:
  Non-class:     12.45 MB used.
      Class:      1.37 MB used.
       Both:     13.82 MB used.

Virtual space:
  Non-class space:       64.00 MB reserved,      12.50 MB ( 20%) committed,  1 nodes.
      Class space:        1.00 GB reserved,       1.44 MB ( <1%) committed,  1 nodes.
             Both:        1.06 GB reserved,      13.94 MB (  1%) committed. 

Chunk freelists:
   Non-Class:  3.14 MB
       Class:  14.47 MB
        Both:  17.61 MB

MaxMetaspaceSize: unlimited
CompressedClassSpaceSize: 1.00 GB
Initial GC threshold: 21.00 MB
Current GC threshold: 21.00 MB
CDS: off
MetaspaceReclaimPolicy: balanced
 - commit_granule_bytes: 65536.
 - commit_granule_words: 8192.
 - virtual_space_node_default_size: 8388608.
 - enlarge_chunks_in_place: 1.
 - new_chunks_are_fully_committed: 0.
 - uncommit_free_chunks: 1.
 - use_allocation_guard: 0.
 - handle_deallocations: 1.


Internal statistics:

num_allocs_failed_limit: 0.
num_arena_births: 60.
num_arena_deaths: 0.
num_vsnodes_births: 2.
num_vsnodes_deaths: 0.
num_space_committed: 223.
num_space_uncommitted: 0.
num_chunks_returned_to_freelist: 0.
num_chunks_taken_from_freelist: 236.
num_chunk_merges: 0.
num_chunk_splits: 156.
num_chunks_enlarged: 126.
num_inconsistent_stats: 0.

CodeHeap 'non-profiled nmethods': size=119168Kb used=693Kb max_used=693Kb free=118474Kb
 bounds [0x0000018e5b6e0000, 0x0000018e5b950000, 0x0000018e62b40000]
CodeHeap 'profiled nmethods': size=119104Kb used=3078Kb max_used=3078Kb free=116025Kb
 bounds [0x0000018e53b40000, 0x0000018e53e50000, 0x0000018e5af90000]
CodeHeap 'non-nmethods': size=7488Kb used=2847Kb max_used=2874Kb free=4640Kb
 bounds [0x0000018e5af90000, 0x0000018e5b270000, 0x0000018e5b6e0000]
 total_blobs=2119 nmethods=1665 adapters=365
 compilation: enabled
              stopped_count=0, restarted_count=0
 full_count=0

Compilation events (20 events):
Event: 0.736 Thread 0x0000018e6a08fab0 nmethod 1621 0x0000018e53e1ca90 code [0x0000018e53e1cd60, 0x0000018e53e1d998]
Event: 0.736 Thread 0x0000018e6a08e570 1625       3       org.eclipse.osgi.storage.url.reference.Handler::parseURL (47 bytes)
Event: 0.736 Thread 0x0000018e6a08fab0 1626       3       org.eclipse.osgi.framework.util.FilePath::hasTrailingSlash (13 bytes)
Event: 0.736 Thread 0x0000018e6a08fab0 nmethod 1626 0x0000018e53e1e190 code [0x0000018e53e1e320, 0x0000018e53e1e498]
Event: 0.736 Thread 0x0000018e6a08e570 nmethod 1625 0x0000018e53e1e510 code [0x0000018e53e1e6e0, 0x0000018e53e1ea18]
Event: 0.737 Thread 0x0000018e64d383b0 nmethod 1622 0x0000018e53e1eb90 code [0x0000018e53e1f160, 0x0000018e53e21c88]
Event: 0.738 Thread 0x0000018e64d383b0 1627       1       org.eclipse.osgi.internal.framework.EquinoxBundle$EquinoxModule::getBundle (5 bytes)
Event: 0.738 Thread 0x0000018e64d383b0 nmethod 1627 0x0000018e5b789310 code [0x0000018e5b7894a0, 0x0000018e5b789578]
Event: 0.738 Thread 0x0000018e64d383b0 1628       1       org.eclipse.osgi.container.Module::getLocation (5 bytes)
Event: 0.738 Thread 0x0000018e6a08e570 1629       3       org.eclipse.osgi.internal.framework.EquinoxContainer::checkAdminPermission (27 bytes)
Event: 0.738 Thread 0x0000018e6a08fab0 1630       3       org.eclipse.osgi.internal.framework.EquinoxBundle::getLocation (21 bytes)
Event: 0.738 Thread 0x0000018e64d383b0 nmethod 1628 0x0000018e5b789610 code [0x0000018e5b7897a0, 0x0000018e5b789878]
Event: 0.738 Thread 0x0000018e64d383b0 1631       3       org.eclipse.osgi.internal.framework.EquinoxBundle::getBundle (2 bytes)
Event: 0.738 Thread 0x0000018e69f295b0 1632       4       java.lang.System::getSecurityManager (12 bytes)
Event: 0.738 Thread 0x0000018e64d383b0 nmethod 1631 0x0000018e53e22d90 code [0x0000018e53e22f20, 0x0000018e53e23038]
Event: 0.738 Thread 0x0000018e6a08fab0 nmethod 1630 0x0000018e53e23110 code [0x0000018e53e232c0, 0x0000018e53e23548]
Event: 0.738 Thread 0x0000018e6a08e570 nmethod 1629 0x0000018e53e23690 code [0x0000018e53e23880, 0x0000018e53e23cf8]
Event: 0.739 Thread 0x0000018e69f295b0 nmethod 1632 0x0000018e5b789910 code [0x0000018e5b789a80, 0x0000018e5b789af8]
Event: 0.739 Thread 0x0000018e69f295b0 1635       4       java.lang.StringLatin1::regionMatchesCI (98 bytes)
Event: 0.740 Thread 0x0000018e6a090ff0 nmethod 1618 0x0000018e53e23f10 code [0x0000018e53e25020, 0x0000018e53e2f268]

GC Heap History (2 events):
Event: 0.509 GC heap before
{Heap before GC invocations=1 (full 0):
 PSYoungGen      total 29696K, used 25600K [0x00000000eab00000, 0x00000000ecc00000, 0x0000000100000000)
  eden space 25600K, 100% used [0x00000000eab00000,0x00000000ec400000,0x00000000ec400000)
  from space 4096K, 0% used [0x00000000ec800000,0x00000000ec800000,0x00000000ecc00000)
  to   space 4096K, 0% used [0x00000000ec400000,0x00000000ec400000,0x00000000ec800000)
 ParOldGen       total 68608K, used 0K [0x00000000c0000000, 0x00000000c4300000, 0x00000000eab00000)
  object space 68608K, 0% used [0x00000000c0000000,0x00000000c0000000,0x00000000c4300000)
 Metaspace       used 10598K, committed 10752K, reserved 1114112K
  class space    used 1056K, committed 1152K, reserved 1048576K
}
Event: 0.514 GC heap after
{Heap after GC invocations=1 (full 0):
 PSYoungGen      total 29696K, used 3076K [0x00000000eab00000, 0x00000000ecc00000, 0x0000000100000000)
  eden space 25600K, 0% used [0x00000000eab00000,0x00000000eab00000,0x00000000ec400000)
  from space 4096K, 75% used [0x00000000ec400000,0x00000000ec701340,0x00000000ec800000)
  to   space 4096K, 0% used [0x00000000ec800000,0x00000000ec800000,0x00000000ecc00000)
 ParOldGen       total 68608K, used 16K [0x00000000c0000000, 0x00000000c4300000, 0x00000000eab00000)
  object space 68608K, 0% used [0x00000000c0000000,0x00000000c0004000,0x00000000c4300000)
 Metaspace       used 10598K, committed 10752K, reserved 1114112K
  class space    used 1056K, committed 1152K, reserved 1048576K
}

Dll operation events (8 events):
Event: 0.006 Loaded shared library c:\Users\lequa\.cursor\extensions\redhat.java-1.36.0-win32-x64\jre\17.0.13-win32-x86_64\bin\java.dll
Event: 0.124 Loaded shared library c:\Users\lequa\.cursor\extensions\redhat.java-1.36.0-win32-x64\jre\17.0.13-win32-x86_64\bin\zip.dll
Event: 0.127 Loaded shared library C:\Users\lequa\.cursor\extensions\redhat.java-1.36.0-win32-x64\jre\17.0.13-win32-x86_64\bin\instrument.dll
Event: 0.136 Loaded shared library C:\Users\lequa\.cursor\extensions\redhat.java-1.36.0-win32-x64\jre\17.0.13-win32-x86_64\bin\net.dll
Event: 0.138 Loaded shared library C:\Users\lequa\.cursor\extensions\redhat.java-1.36.0-win32-x64\jre\17.0.13-win32-x86_64\bin\nio.dll
Event: 0.143 Loaded shared library C:\Users\lequa\.cursor\extensions\redhat.java-1.36.0-win32-x64\jre\17.0.13-win32-x86_64\bin\zip.dll
Event: 0.156 Loaded shared library C:\Users\lequa\.cursor\extensions\redhat.java-1.36.0-win32-x64\jre\17.0.13-win32-x86_64\bin\jimage.dll
Event: 0.190 Loaded shared library c:\Users\lequa\.cursor\extensions\redhat.java-1.36.0-win32-x64\jre\17.0.13-win32-x86_64\bin\verify.dll

Deoptimization events (20 events):
Event: 0.703 Thread 0x0000018e50ead580 DEOPT PACKING pc=0x0000018e53c67f14 sp=0x00000060f60fc490
Event: 0.703 Thread 0x0000018e50ead580 DEOPT UNPACKING pc=0x0000018e5afe6e43 sp=0x00000060f60fb910 mode 0
Event: 0.703 Thread 0x0000018e50ead580 Uncommon trap: trap_request=0xffffff45 fr.pc=0x0000018e5b71c3a0 relative=0x0000000000000100
Event: 0.703 Thread 0x0000018e50ead580 Uncommon trap: reason=unstable_if action=reinterpret pc=0x0000018e5b71c3a0 method=java.math.BigInteger.addOne([IIII)I @ 55 c2
Event: 0.703 Thread 0x0000018e50ead580 DEOPT PACKING pc=0x0000018e5b71c3a0 sp=0x00000060f60fc7c0
Event: 0.703 Thread 0x0000018e50ead580 DEOPT UNPACKING pc=0x0000018e5afe66a3 sp=0x00000060f60fc740 mode 2
Event: 0.703 Thread 0x0000018e50ead580 DEOPT PACKING pc=0x0000018e53c67f14 sp=0x00000060f60fc780
Event: 0.703 Thread 0x0000018e50ead580 DEOPT UNPACKING pc=0x0000018e5afe6e43 sp=0x00000060f60fbc00 mode 0
Event: 0.704 Thread 0x0000018e50ead580 Uncommon trap: trap_request=0xffffffde fr.pc=0x0000018e5b77d08c relative=0x00000000000009ec
Event: 0.704 Thread 0x0000018e50ead580 Uncommon trap: reason=class_check action=maybe_recompile pc=0x0000018e5b77d08c method=java.util.HashMap.putVal(ILjava/lang/Object;Ljava/lang/Object;ZZ)Ljava/lang/Object; @ 91 c2
Event: 0.704 Thread 0x0000018e50ead580 DEOPT PACKING pc=0x0000018e5b77d08c sp=0x00000060f60fccd0
Event: 0.704 Thread 0x0000018e50ead580 DEOPT UNPACKING pc=0x0000018e5afe66a3 sp=0x00000060f60fcbe0 mode 2
Event: 0.704 Thread 0x0000018e50ead580 Uncommon trap: trap_request=0xffffffde fr.pc=0x0000018e5b77d08c relative=0x00000000000009ec
Event: 0.704 Thread 0x0000018e50ead580 Uncommon trap: reason=class_check action=maybe_recompile pc=0x0000018e5b77d08c method=java.util.HashMap.putVal(ILjava/lang/Object;Ljava/lang/Object;ZZ)Ljava/lang/Object; @ 91 c2
Event: 0.704 Thread 0x0000018e50ead580 DEOPT PACKING pc=0x0000018e5b77d08c sp=0x00000060f60fccd0
Event: 0.704 Thread 0x0000018e50ead580 DEOPT UNPACKING pc=0x0000018e5afe66a3 sp=0x00000060f60fcbe0 mode 2
Event: 0.731 Thread 0x0000018e50ead580 DEOPT PACKING pc=0x0000018e53c39613 sp=0x00000060f60fe600
Event: 0.731 Thread 0x0000018e50ead580 DEOPT UNPACKING pc=0x0000018e5afe6e43 sp=0x00000060f60fdb20 mode 0
Event: 0.735 Thread 0x0000018e50ead580 DEOPT PACKING pc=0x0000018e53c39613 sp=0x00000060f60fe610
Event: 0.735 Thread 0x0000018e50ead580 DEOPT UNPACKING pc=0x0000018e5afe6e43 sp=0x00000060f60fdb30 mode 0

Classes loaded (20 events):
Event: 0.697 Loading class javax/xml/parsers/ParserConfigurationException
Event: 0.697 Loading class javax/xml/parsers/ParserConfigurationException done
Event: 0.698 Loading class java/security/KeyStoreException
Event: 0.698 Loading class java/security/KeyStoreException done
Event: 0.700 Loading class sun/security/x509/SubjectAlternativeNameExtension
Event: 0.700 Loading class sun/security/x509/SubjectAlternativeNameExtension done
Event: 0.700 Loading class sun/security/x509/RFC822Name
Event: 0.700 Loading class sun/security/x509/RFC822Name done
Event: 0.710 Loading class java/util/LinkedList$Node
Event: 0.710 Loading class java/util/LinkedList$Node done
Event: 0.710 Loading class java/util/LinkedList$ListItr
Event: 0.710 Loading class java/util/LinkedList$ListItr done
Event: 0.714 Loading class sun/nio/fs/WindowsChannelFactory
Event: 0.714 Loading class sun/nio/fs/WindowsChannelFactory done
Event: 0.714 Loading class sun/nio/fs/WindowsChannelFactory$1
Event: 0.714 Loading class sun/nio/fs/WindowsChannelFactory$1 done
Event: 0.714 Loading class sun/nio/fs/WindowsChannelFactory$Flags
Event: 0.714 Loading class sun/nio/fs/WindowsChannelFactory$Flags done
Event: 0.714 Loading class sun/nio/ch/FileChannelImpl$Closer
Event: 0.714 Loading class sun/nio/ch/FileChannelImpl$Closer done

Classes unloaded (0 events):
No events

Classes redefined (0 events):
No events

Internal exceptions (20 events):
Event: 0.367 Thread 0x0000018e50ead580 Exception <a 'java/io/FileNotFoundException'{0x00000000eba16b10}> (0x00000000eba16b10) 
thrown [s\src\hotspot\share\prims\jni.cpp, line 516]
Event: 0.367 Thread 0x0000018e50ead580 Exception <a 'java/io/FileNotFoundException'{0x00000000eba17850}> (0x00000000eba17850) 
thrown [s\src\hotspot\share\prims\jni.cpp, line 516]
Event: 0.370 Thread 0x0000018e50ead580 Implicit null exception at 0x0000018e5b707df2 to 0x0000018e5b708318
Event: 0.370 Thread 0x0000018e50ead580 Implicit null exception at 0x0000018e5b707272 to 0x0000018e5b7077a8
Event: 0.371 Thread 0x0000018e50ead580 Exception <a 'java/io/FileNotFoundException'{0x00000000eba52178}> (0x00000000eba52178) 
thrown [s\src\hotspot\share\prims\jni.cpp, line 516]
Event: 0.480 Thread 0x0000018e50ead580 Exception <a 'java/lang/ClassNotFoundException'{0x00000000ec281460}: sun/net/www/protocol/c/Handler> (0x00000000ec281460) 
thrown [s\src\hotspot\share\classfile\systemDictionary.cpp, line 256]
Event: 0.480 Thread 0x0000018e50ead580 Exception <a 'java/lang/ClassNotFoundException'{0x00000000ec282790}: sun/net/www/protocol/d/Handler> (0x00000000ec282790) 
thrown [s\src\hotspot\share\classfile\systemDictionary.cpp, line 256]
Event: 0.480 Thread 0x0000018e50ead580 Exception <a 'java/lang/ClassNotFoundException'{0x00000000ec2838e0}: sun/net/www/protocol/c/Handler> (0x00000000ec2838e0) 
thrown [s\src\hotspot\share\classfile\systemDictionary.cpp, line 256]
Event: 0.485 Thread 0x0000018e50ead580 Exception <a 'java/io/FileNotFoundException'{0x00000000ec2ab810}> (0x00000000ec2ab810) 
thrown [s\src\hotspot\share\prims\jni.cpp, line 516]
Event: 0.505 Thread 0x0000018e50ead580 Implicit null exception at 0x0000018e5b73020e to 0x0000018e5b730438
Event: 0.505 Thread 0x0000018e50ead580 Implicit null exception at 0x0000018e5b730d0e to 0x0000018e5b730f3c
Event: 0.505 Thread 0x0000018e50ead580 Implicit null exception at 0x0000018e5b72cc0f to 0x0000018e5b72cc85
Event: 0.537 Thread 0x0000018e50ead580 Exception <a 'java/lang/NoSuchMethodError'{0x00000000ead0f650}: 'int java.lang.invoke.DirectMethodHandle$Holder.invokeStaticInit(java.lang.Object, java.lang.Object, java.lang.Object, java.lang.Object)'> (0x00000000ead0f650) 
thrown [s\src\hotspot\share\interpreter\linkResolver.cpp, line 759]
Event: 0.537 Thread 0x0000018e50ead580 Exception <a 'java/lang/NoSuchMethodError'{0x00000000ead19db8}: 'java.lang.Object java.lang.invoke.DirectMethodHandle$Holder.invokeInterface(java.lang.Object, java.lang.Object)'> (0x00000000ead19db8) 
thrown [s\src\hotspot\share\interpreter\linkResolver.cpp, line 759]
Event: 0.538 Thread 0x0000018e50ead580 Exception <a 'java/lang/IncompatibleClassChangeError'{0x00000000ead1d5b0}: Found class java.lang.Object, but interface was expected> (0x00000000ead1d5b0) 
thrown [s\src\hotspot\share\interpreter\linkResolver.cpp, line 826]
Event: 0.538 Thread 0x0000018e50ead580 Exception <a 'java/lang/NoSuchMethodError'{0x00000000ead21a90}: 'void java.lang.invoke.DirectMethodHandle$Holder.invokeStatic(java.lang.Object, java.lang.Object)'> (0x00000000ead21a90) 
thrown [s\src\hotspot\share\interpreter\linkResolver.cpp, line 759]
Event: 0.538 Thread 0x0000018e50ead580 Exception <a 'java/lang/NoSuchMethodError'{0x00000000ead25290}: 'void java.lang.invoke.DirectMethodHandle$Holder.invokeStaticInit(java.lang.Object, java.lang.Object)'> (0x00000000ead25290) 
thrown [s\src\hotspot\share\interpreter\linkResolver.cpp, line 759]
Event: 0.539 Thread 0x0000018e50ead580 Exception <a 'java/lang/NoSuchMethodError'{0x00000000ead2c770}: 'int java.lang.invoke.DirectMethodHandle$Holder.invokeStaticInit(java.lang.Object, java.lang.Object)'> (0x00000000ead2c770) 
thrown [s\src\hotspot\share\interpreter\linkResolver.cpp, line 759]
Event: 0.561 Thread 0x0000018e50ead580 Exception <a 'java/lang/NoSuchMethodError'{0x00000000eaefc1d8}: 'void java.lang.invoke.DirectMethodHandle$Holder.invokeSpecial(java.lang.Object, java.lang.Object, java.lang.Object)'> (0x00000000eaefc1d8) 
thrown [s\src\hotspot\share\interpreter\linkResolver.cpp, line 759]
Event: 0.680 Thread 0x0000018e50ead580 Exception <a 'java/lang/NoSuchMethodError'{0x00000000ebcf66c0}: 'java.lang.Object java.lang.invoke.DirectMethodHandle$Holder.newInvokeSpecial(java.lang.Object, int, java.lang.Object)'> (0x00000000ebcf66c0) 
thrown [s\src\hotspot\share\interpreter\linkResolver.cpp, line 759]

VM Operations (20 events):
Event: 0.351 Executing VM operation: HandshakeAllThreads
Event: 0.351 Executing VM operation: HandshakeAllThreads done
Event: 0.360 Executing VM operation: HandshakeAllThreads
Event: 0.360 Executing VM operation: HandshakeAllThreads done
Event: 0.465 Executing VM operation: ICBufferFull
Event: 0.465 Executing VM operation: ICBufferFull done
Event: 0.469 Executing VM operation: HandshakeAllThreads
Event: 0.469 Executing VM operation: HandshakeAllThreads done
Event: 0.509 Executing VM operation: ParallelGCFailedAllocation
Event: 0.514 Executing VM operation: ParallelGCFailedAllocation done
Event: 0.669 Executing VM operation: HandshakeAllThreads
Event: 0.669 Executing VM operation: HandshakeAllThreads done
Event: 0.669 Executing VM operation: HandshakeAllThreads
Event: 0.669 Executing VM operation: HandshakeAllThreads done
Event: 0.672 Executing VM operation: HandshakeAllThreads
Event: 0.672 Executing VM operation: HandshakeAllThreads done
Event: 0.677 Executing VM operation: HandshakeAllThreads
Event: 0.677 Executing VM operation: HandshakeAllThreads done
Event: 0.688 Executing VM operation: ICBufferFull
Event: 0.688 Executing VM operation: ICBufferFull done

Memory protections (0 events):
No events

Nmethod flushes (0 events):
No events

Events (18 events):
Event: 0.026 Thread 0x0000018e50ead580 Thread added: 0x0000018e50ead580
Event: 0.034 Thread 0x0000018e50ead580 Thread added: 0x0000018e64d37270
Event: 0.034 Thread 0x0000018e50ead580 Thread added: 0x0000018e50f5b8c0
Event: 0.051 Thread 0x0000018e50ead580 Thread added: 0x0000018e69ed2f20
Event: 0.051 Thread 0x0000018e50ead580 Thread added: 0x0000018e69ed3cb0
Event: 0.051 Thread 0x0000018e50ead580 Thread added: 0x0000018e69ed51e0
Event: 0.052 Thread 0x0000018e50ead580 Thread added: 0x0000018e69ed6510
Event: 0.052 Thread 0x0000018e50ead580 Thread added: 0x0000018e69f295b0
Event: 0.052 Thread 0x0000018e50ead580 Thread added: 0x0000018e64d383b0
Event: 0.052 Thread 0x0000018e50ead580 Thread added: 0x0000018e64d3b470
Event: 0.094 Thread 0x0000018e50ead580 Thread added: 0x0000018e69fdfd70
Event: 0.112 Thread 0x0000018e64d383b0 Thread added: 0x0000018e6a08e570
Event: 0.112 Thread 0x0000018e64d383b0 Thread added: 0x0000018e6a090ff0
Event: 0.112 Thread 0x0000018e64d383b0 Thread added: 0x0000018e6a08fab0
Event: 0.116 Thread 0x0000018e6a08e570 Thread added: 0x0000018e6a08f010
Event: 0.116 Thread 0x0000018e69f295b0 Thread added: 0x0000018e6a08eac0
Event: 0.246 Thread 0x0000018e50ead580 Thread added: 0x0000018e6c0ca3e0
Event: 0.665 Thread 0x0000018e50ead580 Thread added: 0x0000018e6c8e7f90


Dynamic libraries:
0x00007ff756e30000 - 0x00007ff756e3e000 	c:\Users\lequa\.cursor\extensions\redhat.java-1.36.0-win32-x64\jre\17.0.13-win32-x86_64\bin\java.exe
0x00007ffa7fa30000 - 0x00007ffa7fc47000 	C:\Windows\SYSTEM32\ntdll.dll
0x00007ffa7e1e0000 - 0x00007ffa7e2a4000 	C:\Windows\System32\KERNEL32.DLL
0x00007ffa7d0e0000 - 0x00007ffa7d499000 	C:\Windows\System32\KERNELBASE.dll
0x00007ffa7cef0000 - 0x00007ffa7d001000 	C:\Windows\System32\ucrtbase.dll
0x00007ffa46370000 - 0x00007ffa46387000 	c:\Users\lequa\.cursor\extensions\redhat.java-1.36.0-win32-x64\jre\17.0.13-win32-x86_64\bin\jli.dll
0x00007ffa42ab0000 - 0x00007ffa42ace000 	c:\Users\lequa\.cursor\extensions\redhat.java-1.36.0-win32-x64\jre\17.0.13-win32-x86_64\bin\VCRUNTIME140.dll
0x00007ffa7e340000 - 0x00007ffa7e4ee000 	C:\Windows\System32\USER32.dll
0x00007ffa7d0b0000 - 0x00007ffa7d0d6000 	C:\Windows\System32\win32u.dll
0x00007ffa5b030000 - 0x00007ffa5b2c2000 	C:\Windows\WinSxS\amd64_microsoft.windows.common-controls_6595b64144ccf1df_6.0.22621.4391_none_2715d37f73803e96\COMCTL32.dll
0x00007ffa7f900000 - 0x00007ffa7f929000 	C:\Windows\System32\GDI32.dll
0x00007ffa7cd30000 - 0x00007ffa7ce4b000 	C:\Windows\System32\gdi32full.dll
0x00007ffa7d870000 - 0x00007ffa7d917000 	C:\Windows\System32\msvcrt.dll
0x00007ffa7d010000 - 0x00007ffa7d0aa000 	C:\Windows\System32\msvcp_win.dll
0x00007ffa7efe0000 - 0x00007ffa7f011000 	C:\Windows\System32\IMM32.DLL
0x00007ffa67e30000 - 0x00007ffa67e3c000 	c:\Users\lequa\.cursor\extensions\redhat.java-1.36.0-win32-x64\jre\17.0.13-win32-x86_64\bin\vcruntime140_1.dll
0x00007ffa12360000 - 0x00007ffa123ed000 	c:\Users\lequa\.cursor\extensions\redhat.java-1.36.0-win32-x64\jre\17.0.13-win32-x86_64\bin\msvcp140.dll
0x00007ff9da390000 - 0x00007ff9daffb000 	c:\Users\lequa\.cursor\extensions\redhat.java-1.36.0-win32-x64\jre\17.0.13-win32-x86_64\bin\server\jvm.dll
0x00007ffa7f930000 - 0x00007ffa7f9e2000 	C:\Windows\System32\ADVAPI32.dll
0x00007ffa7e0d0000 - 0x00007ffa7e177000 	C:\Windows\System32\sechost.dll
0x00007ffa7ce50000 - 0x00007ffa7ce78000 	C:\Windows\System32\bcrypt.dll
0x00007ffa7d750000 - 0x00007ffa7d864000 	C:\Windows\System32\RPCRT4.dll
0x00007ffa7f070000 - 0x00007ffa7f0e1000 	C:\Windows\System32\WS2_32.dll
0x00007ffa75af0000 - 0x00007ffa75b24000 	C:\Windows\SYSTEM32\WINMM.dll
0x00007ffa7bbe0000 - 0x00007ffa7bc2d000 	C:\Windows\SYSTEM32\POWRPROF.dll
0x00007ffa73a00000 - 0x00007ffa73a0a000 	C:\Windows\SYSTEM32\VERSION.dll
0x00007ffa7bba0000 - 0x00007ffa7bbb3000 	C:\Windows\SYSTEM32\UMPDC.dll
0x00007ffa7be60000 - 0x00007ffa7be78000 	C:\Windows\SYSTEM32\kernel.appcore.dll
0x00007ffa65be0000 - 0x00007ffa65bea000 	c:\Users\lequa\.cursor\extensions\redhat.java-1.36.0-win32-x64\jre\17.0.13-win32-x86_64\bin\jimage.dll
0x00007ffa7a1b0000 - 0x00007ffa7a3e2000 	C:\Windows\SYSTEM32\DBGHELP.DLL
0x00007ffa7da30000 - 0x00007ffa7ddbf000 	C:\Windows\System32\combase.dll
0x00007ffa7ddc0000 - 0x00007ffa7de97000 	C:\Windows\System32\OLEAUT32.dll
0x00007ffa6e6b0000 - 0x00007ffa6e6e2000 	C:\Windows\SYSTEM32\dbgcore.DLL
0x00007ffa7d4a0000 - 0x00007ffa7d51b000 	C:\Windows\System32\bcryptPrimitives.dll
0x00007ffa65ac0000 - 0x00007ffa65ace000 	c:\Users\lequa\.cursor\extensions\redhat.java-1.36.0-win32-x64\jre\17.0.13-win32-x86_64\bin\instrument.dll
0x00007ffa158c0000 - 0x00007ffa158e5000 	c:\Users\lequa\.cursor\extensions\redhat.java-1.36.0-win32-x64\jre\17.0.13-win32-x86_64\bin\java.dll
0x00007ffa42880000 - 0x00007ffa42898000 	c:\Users\lequa\.cursor\extensions\redhat.java-1.36.0-win32-x64\jre\17.0.13-win32-x86_64\bin\zip.dll
0x00007ffa7e6b0000 - 0x00007ffa7ef26000 	C:\Windows\System32\SHELL32.dll
0x00007ffa7ac80000 - 0x00007ffa7b583000 	C:\Windows\SYSTEM32\windows.storage.dll
0x00007ffa7ab40000 - 0x00007ffa7ac7f000 	C:\Windows\SYSTEM32\wintypes.dll
0x00007ffa7d930000 - 0x00007ffa7da29000 	C:\Windows\System32\SHCORE.dll
0x00007ffa7e650000 - 0x00007ffa7e6ae000 	C:\Windows\System32\shlwapi.dll
0x00007ffa7cc60000 - 0x00007ffa7cc8b000 	C:\Windows\SYSTEM32\profapi.dll
0x00007ffa42490000 - 0x00007ffa424a9000 	C:\Users\lequa\.cursor\extensions\redhat.java-1.36.0-win32-x64\jre\17.0.13-win32-x86_64\bin\net.dll
0x00007ffa77110000 - 0x00007ffa77246000 	C:\Windows\SYSTEM32\WINHTTP.dll
0x00007ffa7c2e0000 - 0x00007ffa7c349000 	C:\Windows\system32\mswsock.dll
0x00007ffa2f440000 - 0x00007ffa2f456000 	C:\Users\lequa\.cursor\extensions\redhat.java-1.36.0-win32-x64\jre\17.0.13-win32-x86_64\bin\nio.dll
0x00007ffa5b720000 - 0x00007ffa5b730000 	c:\Users\lequa\.cursor\extensions\redhat.java-1.36.0-win32-x64\jre\17.0.13-win32-x86_64\bin\verify.dll
0x00007ffa13680000 - 0x00007ffa136c5000 	C:\Users\lequa\AppData\Roaming\Cursor\User\globalStorage\redhat.java\1.36.0\config_win\org.eclipse.equinox.launcher\org.eclipse.equinox.launcher.win32.win32.x86_64_1.2.1100.v20240722-2106\eclipse_11904.dll
0x00007ffa7f6d0000 - 0x00007ffa7f875000 	C:\Windows\System32\ole32.dll

dbghelp: loaded successfully - version: 4.0.5 - missing functions: none
symbol engine: initialized successfully - sym options: 0x614 - pdb path: .;c:\Users\lequa\.cursor\extensions\redhat.java-1.36.0-win32-x64\jre\17.0.13-win32-x86_64\bin;C:\Windows\SYSTEM32;C:\Windows\WinSxS\amd64_microsoft.windows.common-controls_6595b64144ccf1df_6.0.22621.4391_none_2715d37f73803e96;c:\Users\lequa\.cursor\extensions\redhat.java-1.36.0-win32-x64\jre\17.0.13-win32-x86_64\bin\server;C:\Users\lequa\AppData\Roaming\Cursor\User\globalStorage\redhat.java\1.36.0\config_win\org.eclipse.equinox.launcher\org.eclipse.equinox.launcher.win32.win32.x86_64_1.2.1100.v20240722-2106

VM Arguments:
jvm_args: --add-modules=ALL-SYSTEM --add-opens=java.base/java.util=ALL-UNNAMED --add-opens=java.base/java.lang=ALL-UNNAMED --add-opens=java.base/sun.nio.fs=ALL-UNNAMED -Declipse.application=org.eclipse.jdt.ls.core.id1 -Dosgi.bundles.defaultStartLevel=4 -Declipse.product=org.eclipse.jdt.ls.core.product -Djava.import.generatesMetadataFilesAtProjectRoot=false -DDetectVMInstallationsJob.disabled=true -Dfile.encoding=utf8 -XX:+UseParallelGC -XX:GCTimeRatio=4 -XX:AdaptiveSizePolicyWeight=90 -Dsun.zip.disableMemoryMapping=true -Xmx1G -Xms100m -Xlog:disable -javaagent:c:\Users\lequa\.cursor\extensions\redhat.java-1.36.0-win32-x64\lombok\lombok-1.18.35.jar -XX:+HeapDumpOnOutOfMemoryError -XX:HeapDumpPath=c:\Users\lequa\AppData\Roaming\Cursor\User\workspaceStorage\c09576f1d373047de186b374643213d6\redhat.java -Daether.dependencyCollector.impl=bf 
java_command: c:\Users\lequa\.cursor\extensions\redhat.java-1.36.0-win32-x64\server\plugins\org.eclipse.equinox.launcher_1.6.900.v20240613-2009.jar -configuration c:\Users\lequa\AppData\Roaming\Cursor\User\globalStorage\redhat.java\1.36.0\config_win -data c:\Users\lequa\AppData\Roaming\Cursor\User\workspaceStorage\c09576f1d373047de186b374643213d6\redhat.java\jdt_ws --pipe=\\.\pipe\lsp-4fd90766118624ed3d5d465f677691eb-sock
java_class_path (initial): c:\Users\lequa\.cursor\extensions\redhat.java-1.36.0-win32-x64\server\plugins\org.eclipse.equinox.launcher_1.6.900.v20240613-2009.jar
Launcher Type: SUN_STANDARD

[Global flags]
    uintx AdaptiveSizePolicyWeight                 = 90                                        {product} {command line}
     intx CICompilerCount                          = 12                                        {product} {ergonomic}
    uintx GCTimeRatio                              = 4                                         {product} {command line}
     bool HeapDumpOnOutOfMemoryError               = true                                   {manageable} {command line}
    ccstr HeapDumpPath                             = c:\Users\lequa\AppData\Roaming\Cursor\User\workspaceStorage\c09576f1d373047de186b374643213d6\redhat.java         {manageable} {command line}
   size_t InitialHeapSize                          = 104857600                                 {product} {command line}
   size_t MaxHeapSize                              = 1073741824                                {product} {command line}
   size_t MaxNewSize                               = 357564416                                 {product} {ergonomic}
   size_t MinHeapDeltaBytes                        = 524288                                    {product} {ergonomic}
   size_t MinHeapSize                              = 104857600                                 {product} {command line}
   size_t NewSize                                  = 34603008                                  {product} {ergonomic}
    uintx NonNMethodCodeHeapSize                   = 7602480                                {pd product} {ergonomic}
    uintx NonProfiledCodeHeapSize                  = 122027880                              {pd product} {ergonomic}
   size_t OldSize                                  = 70254592                                  {product} {ergonomic}
    uintx ProfiledCodeHeapSize                     = 122027880                              {pd product} {ergonomic}
    uintx ReservedCodeCacheSize                    = 251658240                              {pd product} {ergonomic}
     bool SegmentedCodeCache                       = true                                      {product} {ergonomic}
   size_t SoftMaxHeapSize                          = 1073741824                             {manageable} {ergonomic}
     bool UseCompressedClassPointers               = true                           {product lp64_product} {ergonomic}
     bool UseCompressedOops                        = true                           {product lp64_product} {ergonomic}
     bool UseLargePagesIndividualAllocation        = false                                  {pd product} {ergonomic}
     bool UseParallelGC                            = true                                      {product} {command line}

Logging:
Log output configuration:
 #0: stdout all=off uptime,level,tags
 #1: stderr all=off uptime,level,tags

Environment Variables:
JAVA_HOME=C:\Program Files\Java\jdk-21
PATH=C:\Program Files\Common Files\Oracle\Java\javapath;C:\Program Files (x86)\Common Files\Oracle\Java\javapath;C:\Python311\Scripts\;C:\Python311\;C:\Windows\system32;C:\Windows;C:\Windows\System32\Wbem;C:\Windows\System32\WindowsPowerShell\v1.0\;C:\Windows\System32\OpenSSH\;C:\Program Files (x86)\NVIDIA Corporation\PhysX\Common;C:\Program Files\NVIDIA Corporation\NVIDIA NvDLISR;D:\Visual Leak Detector\bin\Win32;D:\Visual Leak Detector\bin\Win64;C:\Program Files (x86)\Windows Kits\10\Windows Performance Toolkit\;D:\Git\cmd;%JAVA_HOME\bin;C:\Program Files\dotnet\;c:\Users\lequa\AppData\Local\Programs\cursor\resources\app\bin;C:\Program Files\PowerShell\7\;C:\Users\lequa\AppData\Local\Programs\Python\Launcher\;C:\Users\lequa\AppData\Local\Microsoft\WindowsApps;D:\Microsoft VS Code\bin;D:\msys64\ucrt64\bin;D:\msys64\mingw64\bin;C:\Users\lequa\OneDrive\Desktop\SDL\SDL2-devel-2.30.0-VC\SDL2-2.30.0\lib\x64;C:\Users\lequa\.dotnet\tools;C:\Users\lequa\AppData\Local\GitHubDesktop\bin;D:\DataGrip 2024.2.2\bin;
USERNAME=lequa
OS=Windows_NT
PROCESSOR_IDENTIFIER=Intel64 Family 6 Model 154 Stepping 3, GenuineIntel
TMP=C:\Users\lequa\AppData\Local\Temp
TEMP=C:\Users\lequa\AppData\Local\Temp



Periodic native trim disabled


---------------  S Y S T E M  ---------------

OS:
 Windows 11 , 64 bit Build 22621 (10.0.22621.4391)
OS uptime: 0 days 3:48 hours

CPU: total 16 (initial active 16) (8 cores per cpu, 2 threads per core) family 6 model 154 stepping 3 microcode 0x416, cx8, cmov, fxsr, ht, mmx, 3dnowpref, sse, sse2, sse3, ssse3, sse4.1, sse4.2, popcnt, lzcnt, tsc, tscinvbit, avx, avx2, aes, erms, clmul, bmi1, bmi2, adx, sha, fma, vzeroupper, clflush, clflushopt, clwb
Processor Information for processor 0
  Max Mhz: 2700, Current Mhz: 2700, Mhz Limit: 2700
Processor Information for processor 1
  Max Mhz: 2700, Current Mhz: 2700, Mhz Limit: 2700
Processor Information for processor 2
  Max Mhz: 2700, Current Mhz: 2700, Mhz Limit: 2700
Processor Information for processor 3
  Max Mhz: 2700, Current Mhz: 2700, Mhz Limit: 2700
Processor Information for processor 4
  Max Mhz: 2700, Current Mhz: 2700, Mhz Limit: 2700
Processor Information for processor 5
  Max Mhz: 2700, Current Mhz: 2700, Mhz Limit: 2700
Processor Information for processor 6
  Max Mhz: 2700, Current Mhz: 2700, Mhz Limit: 2700
Processor Information for processor 7
  Max Mhz: 2700, Current Mhz: 2700, Mhz Limit: 2700
Processor Information for processor 8
  Max Mhz: 2700, Current Mhz: 2700, Mhz Limit: 2700
Processor Information for processor 9
  Max Mhz: 2700, Current Mhz: 2700, Mhz Limit: 2700
Processor Information for processor 10
  Max Mhz: 2700, Current Mhz: 2700, Mhz Limit: 2700
Processor Information for processor 11
  Max Mhz: 2700, Current Mhz: 2700, Mhz Limit: 2700
Processor Information for processor 12
  Max Mhz: 2700, Current Mhz: 1995, Mhz Limit: 1971
Processor Information for processor 13
  Max Mhz: 2700, Current Mhz: 1995, Mhz Limit: 1971
Processor Information for processor 14
  Max Mhz: 2700, Current Mhz: 1995, Mhz Limit: 1971
Processor Information for processor 15
  Max Mhz: 2700, Current Mhz: 1995, Mhz Limit: 1971

Memory: 4k page, system-wide physical 7893M (635M free)
TotalPageFile size 16085M (AvailPageFile size 5M)
current process WorkingSet (physical memory assigned to process): 96M, peak: 96M
current process commit charge ("private bytes"): 228M, peak: 228M

vm_info: OpenJDK 64-Bit Server VM (17.0.13+11) for windows-amd64 JRE (17.0.13+11), built on Oct 16 2024 00:10:08 by "admin" with MS VC++ 17.7 (VS2022)

END.
