#
# There is insufficient memory for the Java Runtime Environment to continue.
# Native memory allocation (malloc) failed to allocate 32744 bytes. Error detail: Chunk::new
# Possible reasons:
#   The system is out of physical RAM or swap space
#   This process is running with CompressedOops enabled, and the Java Heap may be blocking the growth of the native heap
# Possible solutions:
#   Reduce memory load on the system
#   Increase physical memory or swap space
#   Check if swap backing store is full
#   Decrease Java heap size (-Xmx/-Xms)
#   Decrease number of Java threads
#   Decrease Java thread stack sizes (-Xss)
#   Set larger code cache with -XX:ReservedCodeCacheSize=
#   JVM is running with Unscaled Compressed Oops mode in which the Java heap is
#     placed in the first 4GB address space. The Java Heap base address is the
#     maximum limit for the native heap growth. Please use -XX:HeapBaseMinAddress
#     to set the Java Heap base and to place the Java Heap above 4GB virtual address.
# This output file may be truncated or incomplete.
#
#  Out of Memory Error (arena.cpp:150), pid=15232, tid=18820
#
# JRE version: OpenJDK Runtime Environment Corretto-22.0.2.9.1 (22.0.2+9) (build 22.0.2+9-FR)
# Java VM: OpenJDK 64-Bit Server VM Corretto-22.0.2.9.1 (22.0.2+9-FR, mixed mode, sharing, tiered, compressed oops, compressed class ptrs, g1 gc, windows-amd64)
# No core dump will be written. Minidumps are not enabled by default on client versions of Windows
#

---------------  S U M M A R Y ------------

Command Line: -javaagent:D:\IntelliJ IDEA 2024.3\lib\idea_rt.jar=65197:D:\IntelliJ IDEA 2024.3\bin -Dfile.encoding=UTF-8 -Dsun.stdout.encoding=UTF-8 -Dsun.stderr.encoding=UTF-8 --module-path=D:\Library\Live-for-Library\target\classes;C:\Users\lequa\.m2\repository\org\openjfx\javafx-graphics\21\javafx-graphics-21-win.jar;C:\Users\lequa\.m2\repository\org\openjfx\javafx-controls\21\javafx-controls-21-win.jar;C:\Users\lequa\.m2\repository\org\openjfx\javafx-fxml\21\javafx-fxml-21-win.jar;C:\Users\lequa\.m2\repository\org\openjfx\javafx-media\21\javafx-media-21-win.jar;C:\Users\lequa\.m2\repository\org\json\json\20210307\json-20210307.jar;C:\Users\lequa\.m2\repository\com\google\code\gson\gson\2.10.1\gson-2.10.1.jar;C:\Users\lequa\.m2\repository\org\openjfx\javafx-base\21\javafx-base-21-win.jar;C:\Users\lequa\.m2\repository\com\jfoenix\jfoenix\9.0.10\jfoenix-9.0.10.jar -Djdk.module.main=com.example.library com.example.library/com.example.library.Main

Host: 12th Gen Intel(R) Core(TM) i7-12650H, 16 cores, 7G,  Windows 11 , 64 bit Build 22621 (10.0.22621.4391)
Time: Tue Nov 26 22:48:43 2024 SE Asia Standard Time elapsed time: 0.409223 seconds (0d 0h 0m 0s)

---------------  T H R E A D  ---------------

Current thread (0x00000239dc72b170):  JavaThread "C2 CompilerThread0" daemon [_thread_in_native, id=18820, stack(0x000000b5a7700000,0x000000b5a7800000) (1024K)]


Current CompileTask:
C2:409 1326       4       jdk.internal.util.xml.impl.Parser::step (891 bytes)

Stack: [0x000000b5a7700000,0x000000b5a7800000]
Native frames: (J=compiled Java code, j=interpreted, Vv=VM code, C=native code)
V  [jvm.dll+0x6f7bb9]  (no source info available)
V  [jvm.dll+0x8dc245]  (no source info available)
V  [jvm.dll+0x8de4ae]  (no source info available)
V  [jvm.dll+0x8deb93]  (no source info available)
V  [jvm.dll+0x28d336]  (no source info available)
V  [jvm.dll+0xc500f]  (no source info available)
V  [jvm.dll+0xc526b]  (no source info available)
V  [jvm.dll+0x67e4ed]  (no source info available)
V  [jvm.dll+0x684967]  (no source info available)
V  [jvm.dll+0x685925]  (no source info available)
V  [jvm.dll+0x683cc1]  (no source info available)
V  [jvm.dll+0x253e4f]  (no source info available)
V  [jvm.dll+0x2537f1]  (no source info available)
V  [jvm.dll+0x1cef4a]  (no source info available)
V  [jvm.dll+0x263335]  (no source info available)
V  [jvm.dll+0x2615fb]  (no source info available)
V  [jvm.dll+0x407456]  (no source info available)
V  [jvm.dll+0x883778]  (no source info available)
V  [jvm.dll+0x6f63c5]  (no source info available)
C  [ucrtbase.dll+0x29333]  (no source info available)
C  [KERNEL32.DLL+0x1259d]  (no source info available)
C  [ntdll.dll+0x5af38]  (no source info available)


---------------  P R O C E S S  ---------------

Threads class SMR info:
_java_thread_list=0x0000023a229a57d0, length=14, elements={
0x00000239bcf05900, 0x00000239dc2e2aa0, 0x00000239dc2e37c0, 0x00000239dc2e7860,
0x00000239dc2e8ca0, 0x00000239dc728090, 0x00000239dc728c20, 0x00000239dc72b170,
0x00000239dc72d970, 0x00000239dc842730, 0x0000023a22147630, 0x0000023a22147ca0,
0x0000023a2253a040, 0x0000023a226a1de0
}

Java Threads: ( => current thread )
  0x00000239bcf05900 JavaThread "main"                              [_thread_blocked, id=19336, stack(0x000000b5a6900000,0x000000b5a6a00000) (1024K)]
  0x00000239dc2e2aa0 JavaThread "Reference Handler"          daemon [_thread_blocked, id=17528, stack(0x000000b5a7100000,0x000000b5a7200000) (1024K)]
  0x00000239dc2e37c0 JavaThread "Finalizer"                  daemon [_thread_blocked, id=18072, stack(0x000000b5a7200000,0x000000b5a7300000) (1024K)]
  0x00000239dc2e7860 JavaThread "Signal Dispatcher"          daemon [_thread_blocked, id=18244, stack(0x000000b5a7300000,0x000000b5a7400000) (1024K)]
  0x00000239dc2e8ca0 JavaThread "Attach Listener"            daemon [_thread_in_Java, id=18828, stack(0x000000b5a7400000,0x000000b5a7500000) (1024K)]
  0x00000239dc728090 JavaThread "Service Thread"             daemon [_thread_blocked, id=19160, stack(0x000000b5a7500000,0x000000b5a7600000) (1024K)]
  0x00000239dc728c20 JavaThread "Monitor Deflation Thread"   daemon [_thread_blocked, id=19076, stack(0x000000b5a7600000,0x000000b5a7700000) (1024K)]
=>0x00000239dc72b170 JavaThread "C2 CompilerThread0"         daemon [_thread_in_native, id=18820, stack(0x000000b5a7700000,0x000000b5a7800000) (1024K)]
  0x00000239dc72d970 JavaThread "C1 CompilerThread0"         daemon [_thread_in_native, id=12308, stack(0x000000b5a7800000,0x000000b5a7900000) (1024K)]
  0x00000239dc842730 JavaThread "Common-Cleaner"             daemon [_thread_blocked, id=6384, stack(0x000000b5a7900000,0x000000b5a7a00000) (1024K)]
  0x0000023a22147630 JavaThread "Monitor Ctrl-Break"         daemon [_thread_in_native, id=19340, stack(0x000000b5a7a00000,0x000000b5a7b00000) (1024K)]
  0x0000023a22147ca0 JavaThread "Notification Thread"        daemon [_thread_blocked, id=3176, stack(0x000000b5a7b00000,0x000000b5a7c00000) (1024K)]
  0x0000023a2253a040 JavaThread "QuantumRenderer-0"          daemon [_thread_in_native, id=3612, stack(0x000000b5a7c00000,0x000000b5a7d00000) (1024K)]
  0x0000023a226a1de0 JavaThread "RMI TCP Accept-0"           daemon [_thread_in_native, id=8928, stack(0x000000b5a8600000,0x000000b5a8700000) (1024K)]
Total: 14

Other Threads:
  0x00000239dc2c3350 VMThread "VM Thread"                           [id=9340, stack(0x000000b5a7000000,0x000000b5a7100000) (1024K)]
  0x00000239dc2ac880 WatcherThread "VM Periodic Task Thread"        [id=17904, stack(0x000000b5a6f00000,0x000000b5a7000000) (1024K)]
  0x00000239bd1a6840 WorkerThread "GC Thread#0"                     [id=17864, stack(0x000000b5a6a00000,0x000000b5a6b00000) (1024K)]
  0x0000023a2276f7c0 WorkerThread "GC Thread#1"                     [id=7388, stack(0x000000b5a7d00000,0x000000b5a7e00000) (1024K)]
  0x0000023a229b0bd0 WorkerThread "GC Thread#2"                     [id=18920, stack(0x000000b5a7e00000,0x000000b5a7f00000) (1024K)]
  0x0000023a229b3c10 WorkerThread "GC Thread#3"                     [id=17184, stack(0x000000b5a7f00000,0x000000b5a8000000) (1024K)]
  0x0000023a229b5050 WorkerThread "GC Thread#4"                     [id=6720, stack(0x000000b5a8000000,0x000000b5a8100000) (1024K)]
  0x0000023a229bc770 WorkerThread "GC Thread#5"                     [id=2856, stack(0x000000b5a8100000,0x000000b5a8200000) (1024K)]
  0x0000023a229bcb20 WorkerThread "GC Thread#6"                     [id=19264, stack(0x000000b5a8200000,0x000000b5a8300000) (1024K)]
  0x0000023a229bef20 WorkerThread "GC Thread#7"                     [id=18800, stack(0x000000b5a8300000,0x000000b5a8400000) (1024K)]
  0x0000023a229bf8e0 WorkerThread "GC Thread#8"                     [id=8508, stack(0x000000b5a8400000,0x000000b5a8500000) (1024K)]
  0x0000023a229bf2d0 WorkerThread "GC Thread#9"                     [id=18464, stack(0x000000b5a8500000,0x000000b5a8600000) (1024K)]
  0x00000239bd1b70a0 ConcurrentGCThread "G1 Main Marker"            [id=13320, stack(0x000000b5a6b00000,0x000000b5a6c00000) (1024K)]
  0x00000239bd1b7bb0 WorkerThread "G1 Conc#0"                       [id=11196, stack(0x000000b5a6c00000,0x000000b5a6d00000) (1024K)]
  0x00000239bd20e9a0 ConcurrentGCThread "G1 Refine#0"               [id=2232, stack(0x000000b5a6d00000,0x000000b5a6e00000) (1024K)]
  0x00000239dc1815e0 ConcurrentGCThread "G1 Service"                [id=7628, stack(0x000000b5a6e00000,0x000000b5a6f00000) (1024K)]
Total: 16

Threads with active compile tasks:
C2 CompilerThread0  467 1326       4       jdk.internal.util.xml.impl.Parser::step (891 bytes)
C1 CompilerThread0  467 1551       3       jdk.internal.org.objectweb.asm.AnnotationVisitor::<init> (78 bytes)
Total: 2

VM state: not at safepoint (normal execution)

VM Mutex/Monitor currently owned by a thread: None

Heap address: 0x0000000084a00000, size: 1974 MB, Compressed Oops mode: 32-bit

CDS archive(s) mapped at: [0x00000239dd000000-0x00000239ddc60000-0x00000239ddc60000), size 12976128, SharedBaseAddress: 0x00000239dd000000, ArchiveRelocationMode: 1.
Compressed class space mapped at: 0x00000239de000000-0x0000023a1e000000, reserved size: 1073741824
Narrow klass base: 0x00000239dd000000, Narrow klass shift: 0, Narrow klass range: 0x41000000

GC Precious Log:
 CardTable entry size: 512
 Card Set container configuration: InlinePtr #cards 5 size 8 Array Of Cards #cards 12 size 40 Howl #buckets 4 coarsen threshold 1843 Howl Bitmap #cards 512 size 80 coarsen threshold 460 Card regions per heap region 1 cards per card region 2048
 CPUs: 16 total, 16 available
 Memory: 7893M
 Large Page Support: Disabled
 NUMA Support: Disabled
 Compressed Oops: Enabled (32-bit)
 Heap Region Size: 1M
 Heap Min Capacity: 8M
 Heap Initial Capacity: 124M
 Heap Max Capacity: 1974M
 Pre-touch: Disabled
 Parallel Workers: 13
 Concurrent Workers: 3
 Concurrent Refinement Workers: 13
 Periodic GC: Disabled

Heap:
 garbage-first heap   total reserved 2021376K, committed 126976K, used 5328K [0x0000000084a00000, 0x0000000100000000)
  region size 1024K, 5 young (5120K), 3 survivors (3072K)
 Metaspace       used 7302K, committed 7616K, reserved 1114112K
  class space    used 812K, committed 960K, reserved 1048576K

Heap Regions: E=young(eden), S=young(survivor), O=old, HS=humongous(starts), HC=humongous(continues), CS=collection set, F=free, TAMS=top-at-mark-start, PB=parsable bottom
|   0|0x0000000084a00000, 0x0000000084b00000, 0x0000000084b00000|100%| O|  |TAMS 0x0000000084a00000| PB 0x0000000084a00000| Untracked |  0
|   1|0x0000000084b00000, 0x0000000084b34000, 0x0000000084c00000| 20%| O|  |TAMS 0x0000000084b00000| PB 0x0000000084b00000| Untracked |  0
|   2|0x0000000084c00000, 0x0000000084c00000, 0x0000000084d00000|  0%| F|  |TAMS 0x0000000084c00000| PB 0x0000000084c00000| Untracked |  0
|   3|0x0000000084d00000, 0x0000000084d00000, 0x0000000084e00000|  0%| F|  |TAMS 0x0000000084d00000| PB 0x0000000084d00000| Untracked |  0
|   4|0x0000000084e00000, 0x0000000084e00000, 0x0000000084f00000|  0%| F|  |TAMS 0x0000000084e00000| PB 0x0000000084e00000| Untracked |  0
|   5|0x0000000084f00000, 0x0000000084f00000, 0x0000000085000000|  0%| F|  |TAMS 0x0000000084f00000| PB 0x0000000084f00000| Untracked |  0
|   6|0x0000000085000000, 0x0000000085000000, 0x0000000085100000|  0%| F|  |TAMS 0x0000000085000000| PB 0x0000000085000000| Untracked |  0
|   7|0x0000000085100000, 0x0000000085100000, 0x0000000085200000|  0%| F|  |TAMS 0x0000000085100000| PB 0x0000000085100000| Untracked |  0
|   8|0x0000000085200000, 0x0000000085200000, 0x0000000085300000|  0%| F|  |TAMS 0x0000000085200000| PB 0x0000000085200000| Untracked |  0
|   9|0x0000000085300000, 0x0000000085300000, 0x0000000085400000|  0%| F|  |TAMS 0x0000000085300000| PB 0x0000000085300000| Untracked |  0
|  10|0x0000000085400000, 0x0000000085400000, 0x0000000085500000|  0%| F|  |TAMS 0x0000000085400000| PB 0x0000000085400000| Untracked |  0
|  11|0x0000000085500000, 0x0000000085500000, 0x0000000085600000|  0%| F|  |TAMS 0x0000000085500000| PB 0x0000000085500000| Untracked |  0
|  12|0x0000000085600000, 0x0000000085600000, 0x0000000085700000|  0%| F|  |TAMS 0x0000000085600000| PB 0x0000000085600000| Untracked |  0
|  13|0x0000000085700000, 0x0000000085700000, 0x0000000085800000|  0%| F|  |TAMS 0x0000000085700000| PB 0x0000000085700000| Untracked |  0
|  14|0x0000000085800000, 0x0000000085800000, 0x0000000085900000|  0%| F|  |TAMS 0x0000000085800000| PB 0x0000000085800000| Untracked |  0
|  15|0x0000000085900000, 0x0000000085900000, 0x0000000085a00000|  0%| F|  |TAMS 0x0000000085900000| PB 0x0000000085900000| Untracked |  0
|  16|0x0000000085a00000, 0x0000000085a00000, 0x0000000085b00000|  0%| F|  |TAMS 0x0000000085a00000| PB 0x0000000085a00000| Untracked |  0
|  17|0x0000000085b00000, 0x0000000085b00000, 0x0000000085c00000|  0%| F|  |TAMS 0x0000000085b00000| PB 0x0000000085b00000| Untracked |  0
|  18|0x0000000085c00000, 0x0000000085c00000, 0x0000000085d00000|  0%| F|  |TAMS 0x0000000085c00000| PB 0x0000000085c00000| Untracked |  0
|  19|0x0000000085d00000, 0x0000000085d00000, 0x0000000085e00000|  0%| F|  |TAMS 0x0000000085d00000| PB 0x0000000085d00000| Untracked |  0
|  20|0x0000000085e00000, 0x0000000085e00000, 0x0000000085f00000|  0%| F|  |TAMS 0x0000000085e00000| PB 0x0000000085e00000| Untracked |  0
|  21|0x0000000085f00000, 0x0000000085f00000, 0x0000000086000000|  0%| F|  |TAMS 0x0000000085f00000| PB 0x0000000085f00000| Untracked |  0
|  22|0x0000000086000000, 0x0000000086000000, 0x0000000086100000|  0%| F|  |TAMS 0x0000000086000000| PB 0x0000000086000000| Untracked |  0
|  23|0x0000000086100000, 0x0000000086100000, 0x0000000086200000|  0%| F|  |TAMS 0x0000000086100000| PB 0x0000000086100000| Untracked |  0
|  24|0x0000000086200000, 0x0000000086200000, 0x0000000086300000|  0%| F|  |TAMS 0x0000000086200000| PB 0x0000000086200000| Untracked |  0
|  25|0x0000000086300000, 0x0000000086300000, 0x0000000086400000|  0%| F|  |TAMS 0x0000000086300000| PB 0x0000000086300000| Untracked |  0
|  26|0x0000000086400000, 0x0000000086400000, 0x0000000086500000|  0%| F|  |TAMS 0x0000000086400000| PB 0x0000000086400000| Untracked |  0
|  27|0x0000000086500000, 0x0000000086500000, 0x0000000086600000|  0%| F|  |TAMS 0x0000000086500000| PB 0x0000000086500000| Untracked |  0
|  28|0x0000000086600000, 0x0000000086600000, 0x0000000086700000|  0%| F|  |TAMS 0x0000000086600000| PB 0x0000000086600000| Untracked |  0
|  29|0x0000000086700000, 0x0000000086700000, 0x0000000086800000|  0%| F|  |TAMS 0x0000000086700000| PB 0x0000000086700000| Untracked |  0
|  30|0x0000000086800000, 0x0000000086800000, 0x0000000086900000|  0%| F|  |TAMS 0x0000000086800000| PB 0x0000000086800000| Untracked |  0
|  31|0x0000000086900000, 0x0000000086900000, 0x0000000086a00000|  0%| F|  |TAMS 0x0000000086900000| PB 0x0000000086900000| Untracked |  0
|  32|0x0000000086a00000, 0x0000000086a00000, 0x0000000086b00000|  0%| F|  |TAMS 0x0000000086a00000| PB 0x0000000086a00000| Untracked |  0
|  33|0x0000000086b00000, 0x0000000086b00000, 0x0000000086c00000|  0%| F|  |TAMS 0x0000000086b00000| PB 0x0000000086b00000| Untracked |  0
|  34|0x0000000086c00000, 0x0000000086c00000, 0x0000000086d00000|  0%| F|  |TAMS 0x0000000086c00000| PB 0x0000000086c00000| Untracked |  0
|  35|0x0000000086d00000, 0x0000000086d00000, 0x0000000086e00000|  0%| F|  |TAMS 0x0000000086d00000| PB 0x0000000086d00000| Untracked |  0
|  36|0x0000000086e00000, 0x0000000086e00000, 0x0000000086f00000|  0%| F|  |TAMS 0x0000000086e00000| PB 0x0000000086e00000| Untracked |  0
|  37|0x0000000086f00000, 0x0000000086f00000, 0x0000000087000000|  0%| F|  |TAMS 0x0000000086f00000| PB 0x0000000086f00000| Untracked |  0
|  38|0x0000000087000000, 0x0000000087000000, 0x0000000087100000|  0%| F|  |TAMS 0x0000000087000000| PB 0x0000000087000000| Untracked |  0
|  39|0x0000000087100000, 0x0000000087100000, 0x0000000087200000|  0%| F|  |TAMS 0x0000000087100000| PB 0x0000000087100000| Untracked |  0
|  40|0x0000000087200000, 0x0000000087200000, 0x0000000087300000|  0%| F|  |TAMS 0x0000000087200000| PB 0x0000000087200000| Untracked |  0
|  41|0x0000000087300000, 0x0000000087300000, 0x0000000087400000|  0%| F|  |TAMS 0x0000000087300000| PB 0x0000000087300000| Untracked |  0
|  42|0x0000000087400000, 0x0000000087400000, 0x0000000087500000|  0%| F|  |TAMS 0x0000000087400000| PB 0x0000000087400000| Untracked |  0
|  43|0x0000000087500000, 0x0000000087500000, 0x0000000087600000|  0%| F|  |TAMS 0x0000000087500000| PB 0x0000000087500000| Untracked |  0
|  44|0x0000000087600000, 0x0000000087600000, 0x0000000087700000|  0%| F|  |TAMS 0x0000000087600000| PB 0x0000000087600000| Untracked |  0
|  45|0x0000000087700000, 0x0000000087700000, 0x0000000087800000|  0%| F|  |TAMS 0x0000000087700000| PB 0x0000000087700000| Untracked |  0
|  46|0x0000000087800000, 0x0000000087800000, 0x0000000087900000|  0%| F|  |TAMS 0x0000000087800000| PB 0x0000000087800000| Untracked |  0
|  47|0x0000000087900000, 0x0000000087900000, 0x0000000087a00000|  0%| F|  |TAMS 0x0000000087900000| PB 0x0000000087900000| Untracked |  0
|  48|0x0000000087a00000, 0x0000000087a00000, 0x0000000087b00000|  0%| F|  |TAMS 0x0000000087a00000| PB 0x0000000087a00000| Untracked |  0
|  49|0x0000000087b00000, 0x0000000087b00000, 0x0000000087c00000|  0%| F|  |TAMS 0x0000000087b00000| PB 0x0000000087b00000| Untracked |  0
|  50|0x0000000087c00000, 0x0000000087c00000, 0x0000000087d00000|  0%| F|  |TAMS 0x0000000087c00000| PB 0x0000000087c00000| Untracked |  0
|  51|0x0000000087d00000, 0x0000000087d00000, 0x0000000087e00000|  0%| F|  |TAMS 0x0000000087d00000| PB 0x0000000087d00000| Untracked |  0
|  52|0x0000000087e00000, 0x0000000087e00000, 0x0000000087f00000|  0%| F|  |TAMS 0x0000000087e00000| PB 0x0000000087e00000| Untracked |  0
|  53|0x0000000087f00000, 0x0000000087f00000, 0x0000000088000000|  0%| F|  |TAMS 0x0000000087f00000| PB 0x0000000087f00000| Untracked |  0
|  54|0x0000000088000000, 0x0000000088000000, 0x0000000088100000|  0%| F|  |TAMS 0x0000000088000000| PB 0x0000000088000000| Untracked |  0
|  55|0x0000000088100000, 0x0000000088100000, 0x0000000088200000|  0%| F|  |TAMS 0x0000000088100000| PB 0x0000000088100000| Untracked |  0
|  56|0x0000000088200000, 0x0000000088200000, 0x0000000088300000|  0%| F|  |TAMS 0x0000000088200000| PB 0x0000000088200000| Untracked |  0
|  57|0x0000000088300000, 0x0000000088300000, 0x0000000088400000|  0%| F|  |TAMS 0x0000000088300000| PB 0x0000000088300000| Untracked |  0
|  58|0x0000000088400000, 0x0000000088400000, 0x0000000088500000|  0%| F|  |TAMS 0x0000000088400000| PB 0x0000000088400000| Untracked |  0
|  59|0x0000000088500000, 0x0000000088500000, 0x0000000088600000|  0%| F|  |TAMS 0x0000000088500000| PB 0x0000000088500000| Untracked |  0
|  60|0x0000000088600000, 0x0000000088600000, 0x0000000088700000|  0%| F|  |TAMS 0x0000000088600000| PB 0x0000000088600000| Untracked |  0
|  61|0x0000000088700000, 0x0000000088700000, 0x0000000088800000|  0%| F|  |TAMS 0x0000000088700000| PB 0x0000000088700000| Untracked |  0
|  62|0x0000000088800000, 0x0000000088800000, 0x0000000088900000|  0%| F|  |TAMS 0x0000000088800000| PB 0x0000000088800000| Untracked |  0
|  63|0x0000000088900000, 0x0000000088900000, 0x0000000088a00000|  0%| F|  |TAMS 0x0000000088900000| PB 0x0000000088900000| Untracked |  0
|  64|0x0000000088a00000, 0x0000000088a00000, 0x0000000088b00000|  0%| F|  |TAMS 0x0000000088a00000| PB 0x0000000088a00000| Untracked |  0
|  65|0x0000000088b00000, 0x0000000088b00000, 0x0000000088c00000|  0%| F|  |TAMS 0x0000000088b00000| PB 0x0000000088b00000| Untracked |  0
|  66|0x0000000088c00000, 0x0000000088c00000, 0x0000000088d00000|  0%| F|  |TAMS 0x0000000088c00000| PB 0x0000000088c00000| Untracked |  0
|  67|0x0000000088d00000, 0x0000000088d00000, 0x0000000088e00000|  0%| F|  |TAMS 0x0000000088d00000| PB 0x0000000088d00000| Untracked |  0
|  68|0x0000000088e00000, 0x0000000088e00000, 0x0000000088f00000|  0%| F|  |TAMS 0x0000000088e00000| PB 0x0000000088e00000| Untracked |  0
|  69|0x0000000088f00000, 0x0000000088f00000, 0x0000000089000000|  0%| F|  |TAMS 0x0000000088f00000| PB 0x0000000088f00000| Untracked |  0
|  70|0x0000000089000000, 0x0000000089000000, 0x0000000089100000|  0%| F|  |TAMS 0x0000000089000000| PB 0x0000000089000000| Untracked |  0
|  71|0x0000000089100000, 0x0000000089100000, 0x0000000089200000|  0%| F|  |TAMS 0x0000000089100000| PB 0x0000000089100000| Untracked |  0
|  72|0x0000000089200000, 0x0000000089200000, 0x0000000089300000|  0%| F|  |TAMS 0x0000000089200000| PB 0x0000000089200000| Untracked |  0
|  73|0x0000000089300000, 0x0000000089300000, 0x0000000089400000|  0%| F|  |TAMS 0x0000000089300000| PB 0x0000000089300000| Untracked |  0
|  74|0x0000000089400000, 0x0000000089400000, 0x0000000089500000|  0%| F|  |TAMS 0x0000000089400000| PB 0x0000000089400000| Untracked |  0
|  75|0x0000000089500000, 0x0000000089500000, 0x0000000089600000|  0%| F|  |TAMS 0x0000000089500000| PB 0x0000000089500000| Untracked |  0
|  76|0x0000000089600000, 0x0000000089600000, 0x0000000089700000|  0%| F|  |TAMS 0x0000000089600000| PB 0x0000000089600000| Untracked |  0
|  77|0x0000000089700000, 0x0000000089700000, 0x0000000089800000|  0%| F|  |TAMS 0x0000000089700000| PB 0x0000000089700000| Untracked |  0
|  78|0x0000000089800000, 0x0000000089800000, 0x0000000089900000|  0%| F|  |TAMS 0x0000000089800000| PB 0x0000000089800000| Untracked |  0
|  79|0x0000000089900000, 0x0000000089900000, 0x0000000089a00000|  0%| F|  |TAMS 0x0000000089900000| PB 0x0000000089900000| Untracked |  0
|  80|0x0000000089a00000, 0x0000000089a00000, 0x0000000089b00000|  0%| F|  |TAMS 0x0000000089a00000| PB 0x0000000089a00000| Untracked |  0
|  81|0x0000000089b00000, 0x0000000089b00000, 0x0000000089c00000|  0%| F|  |TAMS 0x0000000089b00000| PB 0x0000000089b00000| Untracked |  0
|  82|0x0000000089c00000, 0x0000000089c00000, 0x0000000089d00000|  0%| F|  |TAMS 0x0000000089c00000| PB 0x0000000089c00000| Untracked |  0
|  83|0x0000000089d00000, 0x0000000089d00000, 0x0000000089e00000|  0%| F|  |TAMS 0x0000000089d00000| PB 0x0000000089d00000| Untracked |  0
|  84|0x0000000089e00000, 0x0000000089e00000, 0x0000000089f00000|  0%| F|  |TAMS 0x0000000089e00000| PB 0x0000000089e00000| Untracked |  0
|  85|0x0000000089f00000, 0x0000000089f00000, 0x000000008a000000|  0%| F|  |TAMS 0x0000000089f00000| PB 0x0000000089f00000| Untracked |  0
|  86|0x000000008a000000, 0x000000008a000000, 0x000000008a100000|  0%| F|  |TAMS 0x000000008a000000| PB 0x000000008a000000| Untracked |  0
|  87|0x000000008a100000, 0x000000008a100000, 0x000000008a200000|  0%| F|  |TAMS 0x000000008a100000| PB 0x000000008a100000| Untracked |  0
|  88|0x000000008a200000, 0x000000008a200000, 0x000000008a300000|  0%| F|  |TAMS 0x000000008a200000| PB 0x000000008a200000| Untracked |  0
|  89|0x000000008a300000, 0x000000008a300000, 0x000000008a400000|  0%| F|  |TAMS 0x000000008a300000| PB 0x000000008a300000| Untracked |  0
|  90|0x000000008a400000, 0x000000008a400000, 0x000000008a500000|  0%| F|  |TAMS 0x000000008a400000| PB 0x000000008a400000| Untracked |  0
|  91|0x000000008a500000, 0x000000008a500000, 0x000000008a600000|  0%| F|  |TAMS 0x000000008a500000| PB 0x000000008a500000| Untracked |  0
|  92|0x000000008a600000, 0x000000008a600000, 0x000000008a700000|  0%| F|  |TAMS 0x000000008a600000| PB 0x000000008a600000| Untracked |  0
|  93|0x000000008a700000, 0x000000008a700000, 0x000000008a800000|  0%| F|  |TAMS 0x000000008a700000| PB 0x000000008a700000| Untracked |  0
|  94|0x000000008a800000, 0x000000008a800000, 0x000000008a900000|  0%| F|  |TAMS 0x000000008a800000| PB 0x000000008a800000| Untracked |  0
|  95|0x000000008a900000, 0x000000008a900000, 0x000000008aa00000|  0%| F|  |TAMS 0x000000008a900000| PB 0x000000008a900000| Untracked |  0
|  96|0x000000008aa00000, 0x000000008aa00000, 0x000000008ab00000|  0%| F|  |TAMS 0x000000008aa00000| PB 0x000000008aa00000| Untracked |  0
|  97|0x000000008ab00000, 0x000000008ac00000, 0x000000008ac00000|100%| S|CS|TAMS 0x000000008ab00000| PB 0x000000008ab00000| Complete |  0
|  98|0x000000008ac00000, 0x000000008ad00000, 0x000000008ad00000|100%| S|CS|TAMS 0x000000008ac00000| PB 0x000000008ac00000| Complete |  0
|  99|0x000000008ad00000, 0x000000008ae00000, 0x000000008ae00000|100%| S|CS|TAMS 0x000000008ad00000| PB 0x000000008ad00000| Complete |  0
| 100|0x000000008ae00000, 0x000000008ae00000, 0x000000008af00000|  0%| F|  |TAMS 0x000000008ae00000| PB 0x000000008ae00000| Untracked |  0
| 101|0x000000008af00000, 0x000000008af00000, 0x000000008b000000|  0%| F|  |TAMS 0x000000008af00000| PB 0x000000008af00000| Untracked |  0
| 102|0x000000008b000000, 0x000000008b000000, 0x000000008b100000|  0%| F|  |TAMS 0x000000008b000000| PB 0x000000008b000000| Untracked |  0
| 103|0x000000008b100000, 0x000000008b100000, 0x000000008b200000|  0%| F|  |TAMS 0x000000008b100000| PB 0x000000008b100000| Untracked |  0
| 104|0x000000008b200000, 0x000000008b200000, 0x000000008b300000|  0%| F|  |TAMS 0x000000008b200000| PB 0x000000008b200000| Untracked |  0
| 105|0x000000008b300000, 0x000000008b300000, 0x000000008b400000|  0%| F|  |TAMS 0x000000008b300000| PB 0x000000008b300000| Untracked |  0
| 106|0x000000008b400000, 0x000000008b400000, 0x000000008b500000|  0%| F|  |TAMS 0x000000008b400000| PB 0x000000008b400000| Untracked |  0
| 107|0x000000008b500000, 0x000000008b500000, 0x000000008b600000|  0%| F|  |TAMS 0x000000008b500000| PB 0x000000008b500000| Untracked |  0
| 108|0x000000008b600000, 0x000000008b600000, 0x000000008b700000|  0%| F|  |TAMS 0x000000008b600000| PB 0x000000008b600000| Untracked |  0
| 109|0x000000008b700000, 0x000000008b700000, 0x000000008b800000|  0%| F|  |TAMS 0x000000008b700000| PB 0x000000008b700000| Untracked |  0
| 110|0x000000008b800000, 0x000000008b800000, 0x000000008b900000|  0%| F|  |TAMS 0x000000008b800000| PB 0x000000008b800000| Untracked |  0
| 111|0x000000008b900000, 0x000000008b900000, 0x000000008ba00000|  0%| F|  |TAMS 0x000000008b900000| PB 0x000000008b900000| Untracked |  0
| 112|0x000000008ba00000, 0x000000008ba00000, 0x000000008bb00000|  0%| F|  |TAMS 0x000000008ba00000| PB 0x000000008ba00000| Untracked |  0
| 113|0x000000008bb00000, 0x000000008bb00000, 0x000000008bc00000|  0%| F|  |TAMS 0x000000008bb00000| PB 0x000000008bb00000| Untracked |  0
| 114|0x000000008bc00000, 0x000000008bc00000, 0x000000008bd00000|  0%| F|  |TAMS 0x000000008bc00000| PB 0x000000008bc00000| Untracked |  0
| 115|0x000000008bd00000, 0x000000008bd00000, 0x000000008be00000|  0%| F|  |TAMS 0x000000008bd00000| PB 0x000000008bd00000| Untracked |  0
| 116|0x000000008be00000, 0x000000008be00000, 0x000000008bf00000|  0%| F|  |TAMS 0x000000008be00000| PB 0x000000008be00000| Untracked |  0
| 117|0x000000008bf00000, 0x000000008bf00000, 0x000000008c000000|  0%| F|  |TAMS 0x000000008bf00000| PB 0x000000008bf00000| Untracked |  0
| 118|0x000000008c000000, 0x000000008c000000, 0x000000008c100000|  0%| F|  |TAMS 0x000000008c000000| PB 0x000000008c000000| Untracked |  0
| 119|0x000000008c100000, 0x000000008c100000, 0x000000008c200000|  0%| F|  |TAMS 0x000000008c100000| PB 0x000000008c100000| Untracked |  0
| 120|0x000000008c200000, 0x000000008c200000, 0x000000008c300000|  0%| F|  |TAMS 0x000000008c200000| PB 0x000000008c200000| Untracked |  0
| 121|0x000000008c300000, 0x000000008c300000, 0x000000008c400000|  0%| F|  |TAMS 0x000000008c300000| PB 0x000000008c300000| Untracked |  0
| 122|0x000000008c400000, 0x000000008c4e0e50, 0x000000008c500000| 87%| E|  |TAMS 0x000000008c400000| PB 0x000000008c400000| Complete |  0
| 123|0x000000008c500000, 0x000000008c600000, 0x000000008c600000|100%| E|CS|TAMS 0x000000008c500000| PB 0x000000008c500000| Complete |  0

Card table byte_map: [0x00000239d72b0000,0x00000239d7690000] _byte_map_base: 0x00000239d6e8b000

Marking Bits: (CMBitMap*) 0x00000239bd1a6f50
 Bits: [0x00000239d7690000, 0x00000239d9568000)

Polling page: 0x00000239bd210000

Metaspace:

Usage:
  Non-class:      6.35 MB used.
      Class:    813.97 KB used.
       Both:      7.14 MB used.

Virtual space:
  Non-class space:       64.00 MB reserved,       6.50 MB ( 10%) committed,  1 nodes.
      Class space:        1.00 GB reserved,     960.00 KB ( <1%) committed,  1 nodes.
             Both:        1.06 GB reserved,       7.44 MB ( <1%) committed. 

Chunk freelists:
   Non-Class:  8.99 MB
       Class:  15.05 MB
        Both:  24.04 MB

MaxMetaspaceSize: unlimited
CompressedClassSpaceSize: 1.00 GB
Initial GC threshold: 21.00 MB
Current GC threshold: 21.00 MB
CDS: on
 - commit_granule_bytes: 65536.
 - commit_granule_words: 8192.
 - virtual_space_node_default_size: 8388608.
 - enlarge_chunks_in_place: 1.
 - use_allocation_guard: 0.


Internal statistics:

num_allocs_failed_limit: 0.
num_arena_births: 178.
num_arena_deaths: 0.
num_vsnodes_births: 2.
num_vsnodes_deaths: 0.
num_space_committed: 119.
num_space_uncommitted: 0.
num_chunks_returned_to_freelist: 0.
num_chunks_taken_from_freelist: 272.
num_chunk_merges: 0.
num_chunk_splits: 159.
num_chunks_enlarged: 69.
num_inconsistent_stats: 0.

CodeHeap 'non-profiled nmethods': size=119168Kb used=450Kb max_used=450Kb free=118717Kb
 bounds [0x00000239ceaa0000, 0x00000239ced10000, 0x00000239d5f00000]
CodeHeap 'profiled nmethods': size=119104Kb used=2675Kb max_used=2675Kb free=116428Kb
 bounds [0x00000239c6f00000, 0x00000239c71a0000, 0x00000239ce350000]
CodeHeap 'non-nmethods': size=7488Kb used=1439Kb max_used=1439Kb free=6048Kb
 bounds [0x00000239ce350000, 0x00000239ce5c0000, 0x00000239ceaa0000]
 total_blobs=2062 nmethods=1535 adapters=432
 compilation: enabled
              stopped_count=0, restarted_count=0
 full_count=0

Compilation events (20 events):
Event: 0.399 Thread 0x00000239dc72d970 nmethod 1425 0x00000239ceb0b890 code [0x00000239ceb0ba20, 0x00000239ceb0bae8]
Event: 0.399 Thread 0x00000239dc72d970 1426       3       java.util.concurrent.locks.ReentrantReadWriteLock$Sync::exclusiveCount (5 bytes)
Event: 0.399 Thread 0x00000239dc72d970 nmethod 1426 0x00000239c7143390 code [0x00000239c7143520, 0x00000239c7143618]
Event: 0.399 Thread 0x00000239dc72d970 1427       3       java.util.HashMap$EntrySet::<init> (10 bytes)
Event: 0.399 Thread 0x00000239dc72d970 nmethod 1427 0x00000239c7143690 code [0x00000239c7143840, 0x00000239c7143ac0]
Event: 0.400 Thread 0x00000239dc72d970 1428       1       java.util.logging.LogManager$LoggerContext::getOwner (5 bytes)
Event: 0.400 Thread 0x00000239dc72d970 nmethod 1428 0x00000239ceb0bb90 code [0x00000239ceb0bd20, 0x00000239ceb0bde8]
Event: 0.401 Thread 0x00000239dc72d970 1430       1       java.net.URL::getRef (5 bytes)
Event: 0.401 Thread 0x00000239dc72d970 nmethod 1430 0x00000239ceb0c290 code [0x00000239ceb0c420, 0x00000239ceb0c4e8]
Event: 0.402 Thread 0x00000239dc72d970 1431       3       java.nio.Buffer::position (52 bytes)
Event: 0.402 Thread 0x00000239dc72d970 nmethod 1431 0x00000239c7143c10 code [0x00000239c7143dc0, 0x00000239c7144018]
Event: 0.404 Thread 0x00000239dc72d970 1432       1       java.lang.invoke.MethodHandle::internalForm (5 bytes)
Event: 0.404 Thread 0x00000239dc72d970 nmethod 1432 0x00000239ceb0c590 code [0x00000239ceb0c720, 0x00000239ceb0c7e8]
Event: 0.404 Thread 0x00000239dc72d970 1433   !   3       java.lang.invoke.MethodHandleNatives::linkMethodHandleConstant (50 bytes)
Event: 0.404 Thread 0x00000239dc72d970 nmethod 1433 0x00000239c7144110 code [0x00000239c71442e0, 0x00000239c71444e8]
Event: 0.404 Thread 0x00000239dc72d970 1434       3       java.lang.invoke.MethodHandles$Lookup::linkMethodHandleConstant (227 bytes)
Event: 0.405 Thread 0x00000239dc72d970 nmethod 1434 0x00000239c7144690 code [0x00000239c7144a60, 0x00000239c7146178]
Event: 0.405 Thread 0x00000239dc72d970 1439       3       jdk.internal.loader.BuiltinClassLoader::moduleReaderFor (45 bytes)
Event: 0.405 Thread 0x00000239dc72d970 nmethod 1439 0x00000239c7146910 code [0x00000239c7146b00, 0x00000239c7147148]
Event: 0.405 Thread 0x00000239dc72d970 1437       3       java.lang.invoke.TypeConvertingMethodAdapter::convertType (299 bytes)

GC Heap History (0 events):
No events

Dll operation events (20 events):
Event: 0.315 Loaded shared library C:\Users\lequa\.openjfx\cache\21+31\amd64\api-ms-win-crt-convert-l1-1-0.dll
Event: 0.318 Loaded shared library C:\Users\lequa\.openjfx\cache\21+31\amd64\api-ms-win-crt-environment-l1-1-0.dll
Event: 0.320 Loaded shared library C:\Users\lequa\.openjfx\cache\21+31\amd64\api-ms-win-crt-filesystem-l1-1-0.dll
Event: 0.323 Loaded shared library C:\Users\lequa\.openjfx\cache\21+31\amd64\api-ms-win-crt-heap-l1-1-0.dll
Event: 0.326 Loaded shared library C:\Users\lequa\.openjfx\cache\21+31\amd64\api-ms-win-crt-locale-l1-1-0.dll
Event: 0.330 Loaded shared library C:\Users\lequa\.openjfx\cache\21+31\amd64\api-ms-win-crt-math-l1-1-0.dll
Event: 0.333 Loaded shared library C:\Users\lequa\.openjfx\cache\21+31\amd64\api-ms-win-crt-multibyte-l1-1-0.dll
Event: 0.336 Loaded shared library C:\Users\lequa\.openjfx\cache\21+31\amd64\api-ms-win-crt-private-l1-1-0.dll
Event: 0.339 Loaded shared library C:\Users\lequa\.openjfx\cache\21+31\amd64\api-ms-win-crt-process-l1-1-0.dll
Event: 0.341 Loaded shared library C:\Users\lequa\.openjfx\cache\21+31\amd64\api-ms-win-crt-runtime-l1-1-0.dll
Event: 0.343 Loaded shared library C:\Users\lequa\.openjfx\cache\21+31\amd64\api-ms-win-crt-stdio-l1-1-0.dll
Event: 0.346 Loaded shared library C:\Users\lequa\.openjfx\cache\21+31\amd64\api-ms-win-crt-string-l1-1-0.dll
Event: 0.349 Loaded shared library C:\Users\lequa\.openjfx\cache\21+31\amd64\api-ms-win-crt-time-l1-1-0.dll
Event: 0.352 Loaded shared library C:\Users\lequa\.openjfx\cache\21+31\amd64\api-ms-win-crt-utility-l1-1-0.dll
Event: 0.368 Loaded shared library C:\Users\lequa\.openjfx\cache\21+31\amd64\ucrtbase.dll
Event: 0.372 Loaded shared library C:\Users\lequa\.openjfx\cache\21+31\amd64\vcruntime140.dll
Event: 0.375 Loaded shared library C:\Users\lequa\.openjfx\cache\21+31\amd64\vcruntime140_1.dll
Event: 0.383 Loaded shared library C:\Users\lequa\.openjfx\cache\21+31\amd64\msvcp140.dll
Event: 0.386 Loaded shared library C:\Users\lequa\.openjfx\cache\21+31\amd64\msvcp140_1.dll
Event: 0.392 Loaded shared library C:\Users\lequa\.openjfx\cache\21+31\amd64\msvcp140_2.dll

Deoptimization events (20 events):
Event: 0.235 Thread 0x00000239bcf05900 Uncommon trap: trap_request=0xffffff66 fr.pc=0x00000239ceae3178 relative=0x0000000000000cd8
Event: 0.235 Thread 0x00000239bcf05900 Uncommon trap: reason=speculate_class_check action=maybe_recompile pc=0x00000239ceae3178 method=java.util.HashMap.putVal(ILjava/lang/Object;Ljava/lang/Object;ZZ)Ljava/lang/Object; @ 56 c2
Event: 0.235 Thread 0x00000239bcf05900 DEOPT PACKING pc=0x00000239ceae3178 sp=0x000000b5a69fe660
Event: 0.235 Thread 0x00000239bcf05900 DEOPT UNPACKING pc=0x00000239ce3a46a2 sp=0x000000b5a69fe4f0 mode 2
Event: 0.241 Thread 0x00000239bcf05900 Uncommon trap: trap_request=0xffffff45 fr.pc=0x00000239ceab83b0 relative=0x00000000000006b0
Event: 0.241 Thread 0x00000239bcf05900 Uncommon trap: reason=unstable_if action=reinterpret pc=0x00000239ceab83b0 method=jdk.internal.module.Checks.isJavaIdentifier(Ljava/lang/String;)Z @ 4 c2
Event: 0.241 Thread 0x00000239bcf05900 DEOPT PACKING pc=0x00000239ceab83b0 sp=0x000000b5a69fe950
Event: 0.241 Thread 0x00000239bcf05900 DEOPT UNPACKING pc=0x00000239ce3a46a2 sp=0x000000b5a69fe8f8 mode 2
Event: 0.313 Thread 0x00000239dc2e8ca0 Uncommon trap: trap_request=0xffffff45 fr.pc=0x00000239ceaed828 relative=0x0000000000000088
Event: 0.313 Thread 0x00000239dc2e8ca0 Uncommon trap: reason=unstable_if action=reinterpret pc=0x00000239ceaed828 method=jdk.internal.misc.Unsafe.convEndian(ZI)I @ 4 c2
Event: 0.313 Thread 0x00000239dc2e8ca0 DEOPT PACKING pc=0x00000239ceaed828 sp=0x000000b5a74fd320
Event: 0.313 Thread 0x00000239dc2e8ca0 DEOPT UNPACKING pc=0x00000239ce3a46a2 sp=0x000000b5a74fd250 mode 2
Event: 0.371 Thread 0x00000239bcf05900 DEOPT PACKING pc=0x00000239c7076257 sp=0x000000b5a69fe8e0
Event: 0.371 Thread 0x00000239bcf05900 DEOPT UNPACKING pc=0x00000239ce3a4e42 sp=0x000000b5a69fdd00 mode 0
Event: 0.378 Thread 0x00000239bcf05900 DEOPT PACKING pc=0x00000239c7065fd7 sp=0x000000b5a69fe930
Event: 0.378 Thread 0x00000239bcf05900 DEOPT UNPACKING pc=0x00000239ce3a4e42 sp=0x000000b5a69fddc8 mode 0
Event: 0.381 Thread 0x00000239bcf05900 DEOPT PACKING pc=0x00000239c7065fd7 sp=0x000000b5a69fe8b0
Event: 0.381 Thread 0x00000239bcf05900 DEOPT UNPACKING pc=0x00000239ce3a4e42 sp=0x000000b5a69fdd48 mode 0
Event: 0.388 Thread 0x00000239bcf05900 DEOPT PACKING pc=0x00000239c7065fd7 sp=0x000000b5a69fe930
Event: 0.388 Thread 0x00000239bcf05900 DEOPT UNPACKING pc=0x00000239ce3a4e42 sp=0x000000b5a69fddc8 mode 0

Classes loaded (20 events):
Event: 0.404 Loading class java/io/ObjectInputFilter$Config$BuiltinFilterFactory done
Event: 0.404 Loading class jdk/internal/access/JavaObjectInputFilterAccess
Event: 0.404 Loading class jdk/internal/access/JavaObjectInputFilterAccess done
Event: 0.404 Loading class java/io/ObjectInputFilter$Config$Global
Event: 0.404 Loading class java/io/ObjectInputFilter$Config$Global done
Event: 0.404 Loading class java/io/ObjectInputFilter$Status
Event: 0.404 Loading class java/io/ObjectInputFilter$Status done
Event: 0.405 Loading class sun/rmi/server/UnicastServerRef2
Event: 0.405 Loading class sun/rmi/server/UnicastServerRef
Event: 0.405 Loading class java/rmi/server/ServerRef
Event: 0.405 Loading class java/rmi/server/RemoteRef
Event: 0.406 Loading class java/rmi/server/RemoteRef done
Event: 0.406 Loading class java/rmi/server/ServerRef done
Event: 0.406 Loading class sun/rmi/server/Dispatcher
Event: 0.406 Loading class sun/rmi/server/Dispatcher done
Event: 0.406 Loading class sun/rmi/server/UnicastRef
Event: 0.406 Loading class sun/rmi/server/UnicastRef done
Event: 0.406 Loading class sun/rmi/server/UnicastServerRef done
Event: 0.406 Loading class sun/rmi/server/UnicastServerRef2 done
Event: 0.407 Loading class sun/rmi/server/Util

Classes unloaded (0 events):
No events

Classes redefined (0 events):
No events

Internal exceptions (20 events):
Event: 0.134 Thread 0x00000239bcf05900 Exception <a 'java/lang/NoSuchMethodError'{0x000000008be62650}: 'void java.lang.invoke.DirectMethodHandle$Holder.invokeStatic(java.lang.Object, java.lang.Object, java.lang.Object, java.lang.Object)'> (0x000000008be62650) 
thrown [s\src\hotspot\share\interpreter\linkResolver.cpp, line 774]
Event: 0.155 Thread 0x00000239bcf05900 Exception <a 'java/lang/NoSuchMethodError'{0x000000008bd41810}: 'void java.lang.invoke.DirectMethodHandle$Holder.invokeStatic(java.lang.Object, java.lang.Object, java.lang.Object)'> (0x000000008bd41810) 
thrown [s\src\hotspot\share\interpreter\linkResolver.cpp, line 774]
Event: 0.158 Thread 0x00000239bcf05900 Exception <a 'java/lang/NoSuchMethodError'{0x000000008bd57b98}: 'java.lang.Object java.lang.invoke.Invokers$Holder.invokeExact_MT(java.lang.Object, java.lang.Object, java.lang.Object, java.lang.Object, java.lang.Object)'> (0x000000008bd57b98) 
thrown [s\src\hotspot\share\interpreter\linkResolver.cpp, line 774]
Event: 0.169 Thread 0x0000023a22147630 Exception <a 'java/lang/ClassNotFoundException'{0x000000008bd9d1b8}: jdk/net/ExtendedSocketOptions> (0x000000008bd9d1b8) 
thrown [s\src\hotspot\share\classfile\systemDictionary.cpp, line 313]
Event: 0.170 Thread 0x0000023a22147630 Exception <a 'java/lang/NoSuchMethodError'{0x000000008bd9e908}: 'void java.lang.invoke.DirectMethodHandle$Holder.invokeStatic(java.lang.Object, java.lang.Object)'> (0x000000008bd9e908) 
thrown [s\src\hotspot\share\interpreter\linkResolver.cpp, line 774]
Event: 0.173 Thread 0x00000239bcf05900 Exception <a 'java/lang/NoSuchMethodError'{0x000000008bc6ede8}: 'java.lang.Object java.lang.invoke.Invokers$Holder.invokeExact_MT(java.lang.Object, java.lang.Object, java.lang.Object, java.lang.Object, java.lang.Object, java.lang.Object)'> (0x000000008bc6ede8) 
thrown [s\src\hotspot\share\interpreter\linkResolver.cpp, line 774]
Event: 0.209 Thread 0x00000239dc2e8ca0 Exception <a 'sun/nio/fs/WindowsException'{0x000000008b968668}> (0x000000008b968668) 
thrown [s\src\hotspot\share\prims\jni.cpp, line 520]
Event: 0.213 Thread 0x00000239dc2e8ca0 Implicit null exception at 0x00000239ceadb388 to 0x00000239ceadc588
Event: 0.213 Thread 0x00000239dc2e8ca0 Implicit null exception at 0x00000239cead167d to 0x00000239cead1968
Event: 0.232 Thread 0x00000239dc2e8ca0 Exception <a 'java/lang/NoSuchMethodError'{0x000000008b8de2d8}: 'int java.lang.invoke.DirectMethodHandle$Holder.invokeStatic(java.lang.Object, java.lang.Object, java.lang.Object, java.lang.Object)'> (0x000000008b8de2d8) 
thrown [s\src\hotspot\share\interpreter\linkResolver.cpp, line 774]
Event: 0.233 Thread 0x00000239dc2e8ca0 Exception <a 'java/lang/NoSuchMethodError'{0x000000008b8e15c0}: 'int java.lang.invoke.DirectMethodHandle$Holder.invokeStaticInit(java.lang.Object, java.lang.Object, java.lang.Object, java.lang.Object)'> (0x000000008b8e15c0) 
thrown [s\src\hotspot\share\interpreter\linkResolver.cpp, line 774]
Event: 0.233 Thread 0x00000239dc2e8ca0 Exception <a 'java/lang/IncompatibleClassChangeError'{0x000000008b8e9468}: Found class java.lang.Object, but interface was expected> (0x000000008b8e9468) 
thrown [s\src\hotspot\share\interpreter\linkResolver.cpp, line 841]
Event: 0.234 Thread 0x00000239dc2e8ca0 Exception <a 'java/lang/NoSuchMethodError'{0x000000008b8ebd60}: 'void java.lang.invoke.DirectMethodHandle$Holder.invokeStaticInit(java.lang.Object, java.lang.Object)'> (0x000000008b8ebd60) 
thrown [s\src\hotspot\share\interpreter\linkResolver.cpp, line 774]
Event: 0.234 Thread 0x00000239dc2e8ca0 Exception <a 'java/lang/NoSuchMethodError'{0x000000008b8f0f78}: 'int java.lang.invoke.DirectMethodHandle$Holder.invokeStaticInit(java.lang.Object, java.lang.Object)'> (0x000000008b8f0f78) 
thrown [s\src\hotspot\share\interpreter\linkResolver.cpp, line 774]
Event: 0.240 Thread 0x00000239dc2e8ca0 Exception <a 'sun/nio/fs/WindowsException'{0x000000008b718830}> (0x000000008b718830) 
thrown [s\src\hotspot\share\prims\jni.cpp, line 520]
Event: 0.244 Thread 0x00000239dc2e8ca0 Exception <a 'sun/nio/fs/WindowsException'{0x000000008b71b000}> (0x000000008b71b000) 
thrown [s\src\hotspot\share\prims\jni.cpp, line 520]
Event: 0.275 Thread 0x00000239dc2e8ca0 Exception <a 'java/lang/NoSuchMethodError'{0x000000008b7353e8}: 'int java.lang.invoke.DirectMethodHandle$Holder.invokeInterface(java.lang.Object, java.lang.Object)'> (0x000000008b7353e8) 
thrown [s\src\hotspot\share\interpreter\linkResolver.cpp, line 774]
Event: 0.275 Thread 0x00000239dc2e8ca0 Exception <a 'java/lang/IncompatibleClassChangeError'{0x000000008b7383f8}: Found class java.lang.Object, but interface was expected> (0x000000008b7383f8) 
thrown [s\src\hotspot\share\interpreter\linkResolver.cpp, line 841]
Event: 0.316 Thread 0x00000239dc2e8ca0 Exception <a 'java/lang/NoSuchMethodError'{0x000000008b571650}: 'int java.lang.invoke.DirectMethodHandle$Holder.invokeSpecial(java.lang.Object, java.lang.Object, java.lang.Object)'> (0x000000008b571650) 
thrown [s\src\hotspot\share\interpreter\linkResolver.cpp, line 774]
Event: 0.348 Thread 0x00000239dc2e8ca0 Exception <a 'java/lang/NoSuchMethodError'{0x000000008b31b310}: 'java.lang.Object java.lang.invoke.DirectMethodHandle$Holder.invokeStaticInit(java.lang.Object, java.lang.Object, java.lang.Object)'> (0x000000008b31b310) 
thrown [s\src\hotspot\share\interpreter\linkResolver.cpp, line 774]

ZGC Phase Switch (0 events):
No events

VM Operations (10 events):
Event: 0.112 Executing VM operation: HandshakeAllThreads (Deoptimize)
Event: 0.113 Executing VM operation: HandshakeAllThreads (Deoptimize) done
Event: 0.120 Executing VM operation: HandshakeAllThreads (Deoptimize)
Event: 0.120 Executing VM operation: HandshakeAllThreads (Deoptimize) done
Event: 0.133 Executing VM operation: HandshakeAllThreads (Deoptimize)
Event: 0.133 Executing VM operation: HandshakeAllThreads (Deoptimize) done
Event: 0.279 Executing VM operation: HandshakeAllThreads (Deoptimize)
Event: 0.279 Executing VM operation: HandshakeAllThreads (Deoptimize) done
Event: 0.292 Executing VM operation: ICBufferFull
Event: 0.292 Executing VM operation: ICBufferFull done

Memory protections (0 events):
No events

Nmethod flushes (0 events):
No events

Events (12 events):
Event: 0.025 Thread 0x00000239bcf05900 Thread added: 0x00000239bcf05900
Event: 0.035 Thread 0x00000239bcf05900 Thread added: 0x00000239dc2e2aa0
Event: 0.035 Thread 0x00000239bcf05900 Thread added: 0x00000239dc2e37c0
Event: 0.035 Thread 0x00000239bcf05900 Thread added: 0x00000239dc2e7860
Event: 0.035 Thread 0x00000239bcf05900 Thread added: 0x00000239dc2e8ca0
Event: 0.035 Thread 0x00000239bcf05900 Thread added: 0x00000239dc728090
Event: 0.035 Thread 0x00000239bcf05900 Thread added: 0x00000239dc728c20
Event: 0.035 Thread 0x00000239bcf05900 Thread added: 0x00000239dc72b170
Event: 0.035 Thread 0x00000239bcf05900 Thread added: 0x00000239dc72d970
Event: 0.052 Thread 0x00000239bcf05900 Thread added: 0x00000239dc842730
Event: 0.162 Thread 0x00000239bcf05900 Thread added: 0x0000023a22147630
Event: 0.163 Thread 0x00000239bcf05900 Thread added: 0x0000023a22147ca0


Dynamic libraries:
0x00007ff7edae0000 - 0x00007ff7edaee000 	C:\Users\lequa\.jdks\corretto-22.0.2\bin\java.exe
0x00007ffa7fa30000 - 0x00007ffa7fc47000 	C:\Windows\SYSTEM32\ntdll.dll
0x00007ffa7e1e0000 - 0x00007ffa7e2a4000 	C:\Windows\System32\KERNEL32.DLL
0x00007ffa7d0e0000 - 0x00007ffa7d499000 	C:\Windows\System32\KERNELBASE.dll
0x00007ffa7cef0000 - 0x00007ffa7d001000 	C:\Windows\System32\ucrtbase.dll
0x00007ffa412b0000 - 0x00007ffa412cb000 	C:\Users\lequa\.jdks\corretto-22.0.2\bin\VCRUNTIME140.dll
0x00007ffa41460000 - 0x00007ffa41477000 	C:\Users\lequa\.jdks\corretto-22.0.2\bin\jli.dll
0x00007ffa7e340000 - 0x00007ffa7e4ee000 	C:\Windows\System32\USER32.dll
0x00007ffa7d0b0000 - 0x00007ffa7d0d6000 	C:\Windows\System32\win32u.dll
0x00007ffa5b030000 - 0x00007ffa5b2c2000 	C:\Windows\WinSxS\amd64_microsoft.windows.common-controls_6595b64144ccf1df_6.0.22621.4391_none_2715d37f73803e96\COMCTL32.dll
0x00007ffa7f900000 - 0x00007ffa7f929000 	C:\Windows\System32\GDI32.dll
0x00007ffa7cd30000 - 0x00007ffa7ce4b000 	C:\Windows\System32\gdi32full.dll
0x00007ffa7d870000 - 0x00007ffa7d917000 	C:\Windows\System32\msvcrt.dll
0x00007ffa7d010000 - 0x00007ffa7d0aa000 	C:\Windows\System32\msvcp_win.dll
0x00007ffa7efe0000 - 0x00007ffa7f011000 	C:\Windows\System32\IMM32.DLL
0x00007ffa58820000 - 0x00007ffa5882c000 	C:\Users\lequa\.jdks\corretto-22.0.2\bin\vcruntime140_1.dll
0x00007ffa13c00000 - 0x00007ffa13c8d000 	C:\Users\lequa\.jdks\corretto-22.0.2\bin\msvcp140.dll
0x00007ff9dca20000 - 0x00007ff9dd7f1000 	C:\Users\lequa\.jdks\corretto-22.0.2\bin\server\jvm.dll
0x00007ffa7f930000 - 0x00007ffa7f9e2000 	C:\Windows\System32\ADVAPI32.dll
0x00007ffa7e0d0000 - 0x00007ffa7e177000 	C:\Windows\System32\sechost.dll
0x00007ffa7ce50000 - 0x00007ffa7ce78000 	C:\Windows\System32\bcrypt.dll
0x00007ffa7d750000 - 0x00007ffa7d864000 	C:\Windows\System32\RPCRT4.dll
0x00007ffa7f070000 - 0x00007ffa7f0e1000 	C:\Windows\System32\WS2_32.dll
0x00007ffa7bbe0000 - 0x00007ffa7bc2d000 	C:\Windows\SYSTEM32\POWRPROF.dll
0x00007ffa73a00000 - 0x00007ffa73a0a000 	C:\Windows\SYSTEM32\VERSION.dll
0x00007ffa75af0000 - 0x00007ffa75b24000 	C:\Windows\SYSTEM32\WINMM.dll
0x00007ffa7bba0000 - 0x00007ffa7bbb3000 	C:\Windows\SYSTEM32\UMPDC.dll
0x00007ffa7be60000 - 0x00007ffa7be78000 	C:\Windows\SYSTEM32\kernel.appcore.dll
0x00007ffa4dd30000 - 0x00007ffa4dd3a000 	C:\Users\lequa\.jdks\corretto-22.0.2\bin\jimage.dll
0x00007ffa7a1b0000 - 0x00007ffa7a3e2000 	C:\Windows\SYSTEM32\DBGHELP.DLL
0x00007ffa7da30000 - 0x00007ffa7ddbf000 	C:\Windows\System32\combase.dll
0x00007ffa7ddc0000 - 0x00007ffa7de97000 	C:\Windows\System32\OLEAUT32.dll
0x00007ffa6e6b0000 - 0x00007ffa6e6e2000 	C:\Windows\SYSTEM32\dbgcore.DLL
0x00007ffa7d4a0000 - 0x00007ffa7d51b000 	C:\Windows\System32\bcryptPrimitives.dll
0x00007ffa74df0000 - 0x00007ffa74dfe000 	C:\Users\lequa\.jdks\corretto-22.0.2\bin\instrument.dll
0x00007ffa406e0000 - 0x00007ffa406fe000 	C:\Users\lequa\.jdks\corretto-22.0.2\bin\java.dll
0x00007ffa7e6b0000 - 0x00007ffa7ef26000 	C:\Windows\System32\SHELL32.dll
0x00007ffa7f6d0000 - 0x00007ffa7f875000 	C:\Windows\System32\ole32.dll
0x00007ffa7ac80000 - 0x00007ffa7b583000 	C:\Windows\SYSTEM32\windows.storage.dll
0x00007ffa7ab40000 - 0x00007ffa7ac7f000 	C:\Windows\SYSTEM32\wintypes.dll
0x00007ffa7d930000 - 0x00007ffa7da29000 	C:\Windows\System32\SHCORE.dll
0x00007ffa7e650000 - 0x00007ffa7e6ae000 	C:\Windows\System32\shlwapi.dll
0x00007ffa7cc60000 - 0x00007ffa7cc8b000 	C:\Windows\SYSTEM32\profapi.dll
0x00007ffa136d0000 - 0x00007ffa137a7000 	C:\Users\lequa\.jdks\corretto-22.0.2\bin\jsvml.dll
0x00007ffa4d200000 - 0x00007ffa4d210000 	C:\Users\lequa\.jdks\corretto-22.0.2\bin\net.dll
0x00007ffa7c2e0000 - 0x00007ffa7c349000 	C:\Windows\system32\mswsock.dll
0x00007ffa3cba0000 - 0x00007ffa3cbb6000 	C:\Users\lequa\.jdks\corretto-22.0.2\bin\nio.dll
0x00007ffa36d60000 - 0x00007ffa36d77000 	C:\Users\lequa\.jdks\corretto-22.0.2\bin\zip.dll
0x00007ffa2f0b0000 - 0x00007ffa2f0ca000 	D:\IntelliJ IDEA 2024.3\bin\breakgen64.dll
0x00000239dcb20000 - 0x00000239dcb23000 	C:\Users\lequa\.openjfx\cache\21+31\amd64\api-ms-win-core-console-l1-1-0.dll
0x00007ffa7b880000 - 0x00007ffa7b982000 	C:\Windows\SYSTEM32\DNSAPI.dll
0x00007ffa7b850000 - 0x00007ffa7b87d000 	C:\Windows\SYSTEM32\IPHLPAPI.DLL
0x00007ffa7d920000 - 0x00007ffa7d929000 	C:\Windows\System32\NSI.dll
0x00000239dce70000 - 0x00000239dce73000 	C:\Users\lequa\.openjfx\cache\21+31\amd64\api-ms-win-core-console-l1-2-0.dll
0x00007ffa75ae0000 - 0x00007ffa75aea000 	C:\Windows\System32\rasadhlp.dll
0x00007ffa75810000 - 0x00007ffa75893000 	C:\Windows\System32\fwpuclnt.dll
0x00000239dce80000 - 0x00000239dce83000 	C:\Users\lequa\.openjfx\cache\21+31\amd64\api-ms-win-core-datetime-l1-1-0.dll
0x00000239dce90000 - 0x00000239dce93000 	C:\Users\lequa\.openjfx\cache\21+31\amd64\api-ms-win-core-debug-l1-1-0.dll
0x00007ffa36d50000 - 0x00007ffa36d59000 	C:\Users\lequa\.jdks\corretto-22.0.2\bin\management.dll
0x00000239dcea0000 - 0x00000239dcea3000 	C:\Users\lequa\.openjfx\cache\21+31\amd64\api-ms-win-core-errorhandling-l1-1-0.dll
0x00000239dceb0000 - 0x00000239dceb4000 	C:\Users\lequa\.openjfx\cache\21+31\amd64\api-ms-win-core-file-l1-1-0.dll
0x00000239dcec0000 - 0x00000239dcec3000 	C:\Users\lequa\.openjfx\cache\21+31\amd64\api-ms-win-core-file-l1-2-0.dll
0x00000239dced0000 - 0x00000239dced3000 	C:\Users\lequa\.openjfx\cache\21+31\amd64\api-ms-win-core-file-l2-1-0.dll
0x00000239dcee0000 - 0x00000239dcee3000 	C:\Users\lequa\.openjfx\cache\21+31\amd64\api-ms-win-core-handle-l1-1-0.dll
0x00007ffa2eef0000 - 0x00007ffa2eefb000 	C:\Users\lequa\.jdks\corretto-22.0.2\bin\management_ext.dll
0x00007ffa7ded0000 - 0x00007ffa7ded8000 	C:\Windows\System32\PSAPI.DLL
0x00000239dcef0000 - 0x00000239dcef3000 	C:\Users\lequa\.openjfx\cache\21+31\amd64\api-ms-win-core-heap-l1-1-0.dll
0x00000239dcf00000 - 0x00000239dcf03000 	C:\Users\lequa\.openjfx\cache\21+31\amd64\api-ms-win-core-interlocked-l1-1-0.dll
0x00000239dcf10000 - 0x00000239dcf13000 	C:\Users\lequa\.openjfx\cache\21+31\amd64\api-ms-win-core-libraryloader-l1-1-0.dll
0x00000239dcf20000 - 0x00000239dcf23000 	C:\Users\lequa\.openjfx\cache\21+31\amd64\api-ms-win-core-localization-l1-2-0.dll
0x00000239dcf30000 - 0x00000239dcf33000 	C:\Users\lequa\.openjfx\cache\21+31\amd64\api-ms-win-core-memory-l1-1-0.dll
0x00000239dcf40000 - 0x00000239dcf43000 	C:\Users\lequa\.openjfx\cache\21+31\amd64\api-ms-win-core-namedpipe-l1-1-0.dll
0x00000239dcf50000 - 0x00000239dcf53000 	C:\Users\lequa\.openjfx\cache\21+31\amd64\api-ms-win-core-processenvironment-l1-1-0.dll
0x00000239dcf60000 - 0x00000239dcf63000 	C:\Users\lequa\.openjfx\cache\21+31\amd64\api-ms-win-core-processthreads-l1-1-0.dll
0x00000239dcf70000 - 0x00000239dcf73000 	C:\Users\lequa\.openjfx\cache\21+31\amd64\api-ms-win-core-processthreads-l1-1-1.dll
0x00000239dcf80000 - 0x00000239dcf83000 	C:\Users\lequa\.openjfx\cache\21+31\amd64\api-ms-win-core-profile-l1-1-0.dll
0x00000239dcf90000 - 0x00000239dcf93000 	C:\Users\lequa\.openjfx\cache\21+31\amd64\api-ms-win-core-rtlsupport-l1-1-0.dll
0x00000239dcfa0000 - 0x00000239dcfa3000 	C:\Users\lequa\.openjfx\cache\21+31\amd64\api-ms-win-core-string-l1-1-0.dll
0x00000239dcfb0000 - 0x00000239dcfb3000 	C:\Users\lequa\.openjfx\cache\21+31\amd64\api-ms-win-core-synch-l1-1-0.dll
0x00000239dcfc0000 - 0x00000239dcfc3000 	C:\Users\lequa\.openjfx\cache\21+31\amd64\api-ms-win-core-synch-l1-2-0.dll
0x00000239dcfd0000 - 0x00000239dcfd3000 	C:\Users\lequa\.openjfx\cache\21+31\amd64\api-ms-win-core-sysinfo-l1-1-0.dll
0x00000239dcfe0000 - 0x00000239dcfe3000 	C:\Users\lequa\.openjfx\cache\21+31\amd64\api-ms-win-core-timezone-l1-1-0.dll
0x00000239dcff0000 - 0x00000239dcff3000 	C:\Users\lequa\.openjfx\cache\21+31\amd64\api-ms-win-core-util-l1-1-0.dll
0x0000023a22800000 - 0x0000023a22803000 	C:\Users\lequa\.openjfx\cache\21+31\amd64\api-ms-win-crt-conio-l1-1-0.dll
0x0000023a22810000 - 0x0000023a22814000 	C:\Users\lequa\.openjfx\cache\21+31\amd64\api-ms-win-crt-convert-l1-1-0.dll
0x0000023a22820000 - 0x0000023a22823000 	C:\Users\lequa\.openjfx\cache\21+31\amd64\api-ms-win-crt-environment-l1-1-0.dll
0x0000023a22830000 - 0x0000023a22833000 	C:\Users\lequa\.openjfx\cache\21+31\amd64\api-ms-win-crt-filesystem-l1-1-0.dll
0x0000023a22840000 - 0x0000023a22843000 	C:\Users\lequa\.openjfx\cache\21+31\amd64\api-ms-win-crt-heap-l1-1-0.dll
0x0000023a22850000 - 0x0000023a22853000 	C:\Users\lequa\.openjfx\cache\21+31\amd64\api-ms-win-crt-locale-l1-1-0.dll
0x0000023a22860000 - 0x0000023a22865000 	C:\Users\lequa\.openjfx\cache\21+31\amd64\api-ms-win-crt-math-l1-1-0.dll
0x0000023a22870000 - 0x0000023a22875000 	C:\Users\lequa\.openjfx\cache\21+31\amd64\api-ms-win-crt-multibyte-l1-1-0.dll
0x0000023a22880000 - 0x0000023a22890000 	C:\Users\lequa\.openjfx\cache\21+31\amd64\api-ms-win-crt-private-l1-1-0.dll
0x0000023a23860000 - 0x0000023a23863000 	C:\Users\lequa\.openjfx\cache\21+31\amd64\api-ms-win-crt-process-l1-1-0.dll
0x0000023a23870000 - 0x0000023a23874000 	C:\Users\lequa\.openjfx\cache\21+31\amd64\api-ms-win-crt-runtime-l1-1-0.dll
0x0000023a23880000 - 0x0000023a23884000 	C:\Users\lequa\.openjfx\cache\21+31\amd64\api-ms-win-crt-stdio-l1-1-0.dll
0x0000023a23890000 - 0x0000023a23894000 	C:\Users\lequa\.openjfx\cache\21+31\amd64\api-ms-win-crt-string-l1-1-0.dll
0x0000023a238a0000 - 0x0000023a238a3000 	C:\Users\lequa\.openjfx\cache\21+31\amd64\api-ms-win-crt-time-l1-1-0.dll
0x0000023a238b0000 - 0x0000023a238b3000 	C:\Users\lequa\.openjfx\cache\21+31\amd64\api-ms-win-crt-utility-l1-1-0.dll
0x00007ffa0d410000 - 0x00007ffa0d50c000 	C:\Users\lequa\.openjfx\cache\21+31\amd64\ucrtbase.dll
0x00007ffa2e130000 - 0x00007ffa2e14b000 	C:\Users\lequa\.openjfx\cache\21+31\amd64\vcruntime140.dll
0x00007ffa2e880000 - 0x00007ffa2e88c000 	C:\Users\lequa\.openjfx\cache\21+31\amd64\vcruntime140_1.dll
0x00007ffa0f1b0000 - 0x00007ffa0f23e000 	C:\Users\lequa\.openjfx\cache\21+31\amd64\msvcp140.dll
0x00007ffa2cc20000 - 0x00007ffa2cc29000 	C:\Users\lequa\.openjfx\cache\21+31\amd64\msvcp140_1.dll
0x00007ffa17350000 - 0x00007ffa1737f000 	C:\Users\lequa\.openjfx\cache\21+31\amd64\msvcp140_2.dll
0x00007ffa7c530000 - 0x00007ffa7c54b000 	C:\Windows\SYSTEM32\CRYPTSP.dll
0x00007ffa7bdc0000 - 0x00007ffa7bdf5000 	C:\Windows\system32\rsaenh.dll
0x00007ffa7c3d0000 - 0x00007ffa7c3f8000 	C:\Windows\SYSTEM32\USERENV.dll
0x00007ffa7c550000 - 0x00007ffa7c55c000 	C:\Windows\SYSTEM32\CRYPTBASE.dll
0x00007ffa51b50000 - 0x00007ffa51b67000 	C:\Windows\system32\napinsp.dll
0x00007ffa15640000 - 0x00007ffa1566f000 	C:\Users\lequa\.openjfx\cache\21+31\amd64\prism_d3d.dll
0x00007ffa633c0000 - 0x00007ffa63568000 	C:\Windows\system32\d3d9.dll
0x00007ffa7a0c0000 - 0x00007ffa7a0eb000 	C:\Windows\SYSTEM32\dwmapi.dll
0x00007ffa79f70000 - 0x00007ffa79fa7000 	C:\Windows\SYSTEM32\dxcore.dll
0x00007ffa51b30000 - 0x00007ffa51b4b000 	C:\Windows\system32\pnrpnsp.dll
0x00007ffa51b10000 - 0x00007ffa51b21000 	C:\Windows\System32\winrnr.dll
0x00007ffa51af0000 - 0x00007ffa51b05000 	C:\Windows\system32\wshbth.dll
0x00007ffa51ac0000 - 0x00007ffa51ae7000 	C:\Windows\system32\nlansp_c.dll
0x00007ffa79b80000 - 0x00007ffa79c31000 	C:\Windows\system32\uxtheme.dll
0x00007ffa7ca20000 - 0x00007ffa7ca6e000 	C:\Windows\SYSTEM32\cfgmgr32.dll
0x00007ffa730c0000 - 0x00007ffa73109000 	C:\Windows\SYSTEM32\directxdatabasehelper.dll

dbghelp: loaded successfully - version: 4.0.5 - missing functions: none
symbol engine: initialized successfully - sym options: 0x614 - pdb path: .;C:\Users\lequa\.jdks\corretto-22.0.2\bin;C:\Windows\SYSTEM32;C:\Windows\WinSxS\amd64_microsoft.windows.common-controls_6595b64144ccf1df_6.0.22621.4391_none_2715d37f73803e96;C:\Users\lequa\.jdks\corretto-22.0.2\bin\server;D:\IntelliJ IDEA 2024.3\bin;C:\Users\lequa\.openjfx\cache\21+31\amd64

VM Arguments:
jvm_args: -javaagent:D:\IntelliJ IDEA 2024.3\lib\idea_rt.jar=65197:D:\IntelliJ IDEA 2024.3\bin -Dfile.encoding=UTF-8 -Dsun.stdout.encoding=UTF-8 -Dsun.stderr.encoding=UTF-8 --module-path=D:\Library\Live-for-Library\target\classes;C:\Users\lequa\.m2\repository\org\openjfx\javafx-graphics\21\javafx-graphics-21-win.jar;C:\Users\lequa\.m2\repository\org\openjfx\javafx-controls\21\javafx-controls-21-win.jar;C:\Users\lequa\.m2\repository\org\openjfx\javafx-fxml\21\javafx-fxml-21-win.jar;C:\Users\lequa\.m2\repository\org\openjfx\javafx-media\21\javafx-media-21-win.jar;C:\Users\lequa\.m2\repository\org\json\json\20210307\json-20210307.jar;C:\Users\lequa\.m2\repository\com\google\code\gson\gson\2.10.1\gson-2.10.1.jar;C:\Users\lequa\.m2\repository\org\openjfx\javafx-base\21\javafx-base-21-win.jar;C:\Users\lequa\.m2\repository\com\jfoenix\jfoenix\9.0.10\jfoenix-9.0.10.jar -Djdk.module.main=com.example.library 
java_command: com.example.library/com.example.library.Main
java_class_path (initial): C:\Users\lequa\.m2\repository\com\mysql\mysql-connector-j\8.0.33\mysql-connector-j-8.0.33.jar;C:\Users\lequa\.m2\repository\com\google\protobuf\protobuf-java\3.21.9\protobuf-java-3.21.9.jar;C:\Users\lequa\.m2\repository\org\openjfx\javafx-controls\21\javafx-controls-21.jar;C:\Users\lequa\.m2\repository\org\openjfx\javafx-graphics\21\javafx-graphics-21.jar;C:\Users\lequa\.m2\repository\org\openjfx\javafx-base\21\javafx-base-21.jar;C:\Users\lequa\.m2\repository\org\openjfx\javafx-fxml\21\javafx-fxml-21.jar;C:\Users\lequa\.m2\repository\org\openjfx\javafx-media\21\javafx-media-21.jar
Launcher Type: SUN_STANDARD

[Global flags]
     intx CICompilerCount                          = 12                                        {product} {ergonomic}
     uint ConcGCThreads                            = 3                                         {product} {ergonomic}
     uint G1ConcRefinementThreads                  = 13                                        {product} {ergonomic}
   size_t G1HeapRegionSize                         = 1048576                                   {product} {ergonomic}
   size_t InitialHeapSize                          = 130023424                                 {product} {ergonomic}
   size_t MarkStackSize                            = 4194304                                   {product} {ergonomic}
   size_t MaxHeapSize                              = 2069889024                                {product} {ergonomic}
   size_t MaxNewSize                               = 1241513984                                {product} {ergonomic}
   size_t MinHeapDeltaBytes                        = 1048576                                   {product} {ergonomic}
   size_t MinHeapSize                              = 8388608                                   {product} {ergonomic}
    uintx NonNMethodCodeHeapSize                   = 7602480                                {pd product} {ergonomic}
    uintx NonProfiledCodeHeapSize                  = 122027880                              {pd product} {ergonomic}
    uintx ProfiledCodeHeapSize                     = 122027880                              {pd product} {ergonomic}
    uintx ReservedCodeCacheSize                    = 251658240                              {pd product} {ergonomic}
     bool SegmentedCodeCache                       = true                                      {product} {ergonomic}
   size_t SoftMaxHeapSize                          = 2069889024                             {manageable} {ergonomic}
     bool UseCompressedOops                        = true                           {product lp64_product} {ergonomic}
     bool UseG1GC                                  = true                                      {product} {ergonomic}
     bool UseLargePagesIndividualAllocation        = false                                  {pd product} {ergonomic}

Logging:
Log output configuration:
 #0: stdout all=warning uptime,level,tags foldmultilines=false
 #1: stderr all=off uptime,level,tags foldmultilines=false

Environment Variables:
JAVA_HOME=C:\Program Files\Java\jdk-21
PATH=C:\Program Files\Common Files\Oracle\Java\javapath;C:\Program Files (x86)\Common Files\Oracle\Java\javapath;C:\Python311\Scripts\;C:\Python311\;C:\Windows\system32;C:\Windows;C:\Windows\System32\Wbem;C:\Windows\System32\WindowsPowerShell\v1.0\;C:\Windows\System32\OpenSSH\;C:\Program Files (x86)\NVIDIA Corporation\PhysX\Common;C:\Program Files\NVIDIA Corporation\NVIDIA NvDLISR;D:\Visual Leak Detector\bin\Win32;D:\Visual Leak Detector\bin\Win64;C:\Program Files (x86)\Windows Kits\10\Windows Performance Toolkit\;D:\Git\cmd;%JAVA_HOME\bin;C:\Program Files\dotnet\;c:\Users\lequa\AppData\Local\Programs\cursor\resources\app\bin;C:\Program Files\PowerShell\7\;C:\Users\lequa\AppData\Local\Programs\Python\Launcher\;C:\Users\lequa\AppData\Local\Microsoft\WindowsApps;D:\Microsoft VS Code\bin;D:\msys64\ucrt64\bin;D:\msys64\mingw64\bin;C:\Users\lequa\OneDrive\Desktop\SDL\SDL2-devel-2.30.0-VC\SDL2-2.30.0\lib\x64;C:\Users\lequa\.dotnet\tools;C:\Users\lequa\AppData\Local\GitHubDesktop\bin;D:\DataGrip 2024.2.2\bin;
USERNAME=lequa
OS=Windows_NT
PROCESSOR_IDENTIFIER=Intel64 Family 6 Model 154 Stepping 3, GenuineIntel
TMP=C:\Users\lequa\AppData\Local\Temp
TEMP=C:\Users\lequa\AppData\Local\Temp




Periodic native trim disabled

---------------  S Y S T E M  ---------------

OS:
 Windows 11 , 64 bit Build 22621 (10.0.22621.4391)
OS uptime: 0 days 3:51 hours

CPU: total 16 (initial active 16) (8 cores per cpu, 2 threads per core) family 6 model 154 stepping 3 microcode 0x416, cx8, cmov, fxsr, ht, mmx, 3dnowpref, sse, sse2, sse3, ssse3, sse4.1, sse4.2, popcnt, lzcnt, tsc, tscinvbit, avx, avx2, aes, erms, clmul, bmi1, bmi2, adx, sha, fma, vzeroupper, clflush, clflushopt, clwb, serialize, rdtscp, rdpid, fsrm, f16c, pku, cet_ibt, cet_ss
Processor Information for processor 0
  Max Mhz: 2700, Current Mhz: 2700, Mhz Limit: 2700
Processor Information for processor 1
  Max Mhz: 2700, Current Mhz: 2700, Mhz Limit: 2700
Processor Information for processor 2
  Max Mhz: 2700, Current Mhz: 2700, Mhz Limit: 2700
Processor Information for processor 3
  Max Mhz: 2700, Current Mhz: 2700, Mhz Limit: 2700
Processor Information for processor 4
  Max Mhz: 2700, Current Mhz: 2700, Mhz Limit: 2700
Processor Information for processor 5
  Max Mhz: 2700, Current Mhz: 2700, Mhz Limit: 2700
Processor Information for processor 6
  Max Mhz: 2700, Current Mhz: 2700, Mhz Limit: 2700
Processor Information for processor 7
  Max Mhz: 2700, Current Mhz: 2700, Mhz Limit: 2700
Processor Information for processor 8
  Max Mhz: 2700, Current Mhz: 2700, Mhz Limit: 2700
Processor Information for processor 9
  Max Mhz: 2700, Current Mhz: 2700, Mhz Limit: 2700
Processor Information for processor 10
  Max Mhz: 2700, Current Mhz: 2700, Mhz Limit: 2700
Processor Information for processor 11
  Max Mhz: 2700, Current Mhz: 2700, Mhz Limit: 2700
Processor Information for processor 12
  Max Mhz: 2700, Current Mhz: 1526, Mhz Limit: 1971
Processor Information for processor 13
  Max Mhz: 2700, Current Mhz: 1526, Mhz Limit: 1971
Processor Information for processor 14
  Max Mhz: 2700, Current Mhz: 1526, Mhz Limit: 1971
Processor Information for processor 15
  Max Mhz: 2700, Current Mhz: 1995, Mhz Limit: 1971

Memory: 4k page, system-wide physical 7893M (69M free)
TotalPageFile size 16085M (AvailPageFile size 0M)
current process WorkingSet (physical memory assigned to process): 95M, peak: 95M
current process commit charge ("private bytes"): 239M, peak: 239M

vm_info: OpenJDK 64-Bit Server VM (22.0.2+9-FR) for windows-amd64 JRE (22.0.2+9-FR), built on 2024-07-09T01:10:09Z by "Administrator" with MS VC++ 16.10 / 16.11 (VS2019)

END.
