#
# There is insufficient memory for the Java Runtime Environment to continue.
# Native memory allocation (malloc) failed to allocate 1048576 bytes. Error detail: AllocateHeap
# Possible reasons:
#   The system is out of physical RAM or swap space
#   This process is running with CompressedOops enabled, and the Java Heap may be blocking the growth of the native heap
# Possible solutions:
#   Reduce memory load on the system
#   Increase physical memory or swap space
#   Check if swap backing store is full
#   Decrease Java heap size (-Xmx/-Xms)
#   Decrease number of Java threads
#   Decrease Java thread stack sizes (-Xss)
#   Set larger code cache with -XX:ReservedCodeCacheSize=
#   JVM is running with Unscaled Compressed Oops mode in which the Java heap is
#     placed in the first 4GB address space. The Java Heap base address is the
#     maximum limit for the native heap growth. Please use -XX:HeapBaseMinAddress
#     to set the Java Heap base and to place the Java Heap above 4GB virtual address.
# This output file may be truncated or incomplete.
#
#  Out of Memory Error (allocation.cpp:44), pid=18552, tid=18852
#
# JRE version:  (17.0.13+11) (build )
# Java VM: OpenJDK 64-Bit Server VM (17.0.13+11, mixed mode, tiered, compressed oops, compressed class ptrs, parallel gc, windows-amd64)
# No core dump will be written. Minidumps are not enabled by default on client versions of Windows
#

---------------  S U M M A R Y ------------

Command Line: --add-modules=ALL-SYSTEM --add-opens=java.base/java.util=ALL-UNNAMED --add-opens=java.base/java.lang=ALL-UNNAMED --add-opens=java.base/sun.nio.fs=ALL-UNNAMED -Declipse.application=org.eclipse.jdt.ls.core.id1 -Dosgi.bundles.defaultStartLevel=4 -Declipse.product=org.eclipse.jdt.ls.core.product -Djava.import.generatesMetadataFilesAtProjectRoot=false -DDetectVMInstallationsJob.disabled=true -Dfile.encoding=utf8 -XX:+UseParallelGC -XX:GCTimeRatio=4 -XX:AdaptiveSizePolicyWeight=90 -Dsun.zip.disableMemoryMapping=true -Xmx1G -Xms100m -Xlog:disable -javaagent:c:\Users\lequa\.cursor\extensions\redhat.java-1.36.0-win32-x64\lombok\lombok-1.18.35.jar -XX:+HeapDumpOnOutOfMemoryError -XX:HeapDumpPath=c:\Users\lequa\AppData\Roaming\Cursor\User\workspaceStorage\c09576f1d373047de186b374643213d6\redhat.java -Daether.dependencyCollector.impl=bf c:\Users\lequa\.cursor\extensions\redhat.java-1.36.0-win32-x64\server\plugins\org.eclipse.equinox.launcher_1.6.900.v20240613-2009.jar -configuration c:\Users\lequa\AppData\Roaming\Cursor\User\globalStorage\redhat.java\1.36.0\config_win -data c:\Users\lequa\AppData\Roaming\Cursor\User\workspaceStorage\c09576f1d373047de186b374643213d6\redhat.java\jdt_ws --pipe=\\.\pipe\lsp-20681f5e2c9fe0d61f357a9ec9470a4c-sock

Host: 12th Gen Intel(R) Core(TM) i7-12650H, 16 cores, 7G,  Windows 11 , 64 bit Build 22621 (10.0.22621.4391)
Time: Tue Nov 26 22:42:18 2024 SE Asia Standard Time elapsed time: 0.073043 seconds (0d 0h 0m 0s)

---------------  T H R E A D  ---------------

Current thread (0x000002371bf914d0):  JavaThread "Unknown thread" [_thread_in_vm, id=18852, stack(0x000000fb50d00000,0x000000fb50e00000)]

Stack: [0x000000fb50d00000,0x000000fb50e00000]
Native frames: (J=compiled Java code, j=interpreted, Vv=VM code, C=native code)
V  [jvm.dll+0x682a19]
V  [jvm.dll+0x839538]
V  [jvm.dll+0x83afe3]
V  [jvm.dll+0x83b653]
V  [jvm.dll+0x24704f]
V  [jvm.dll+0xa7543]
V  [jvm.dll+0x6b5fca]
V  [jvm.dll+0x6b6dde]
V  [jvm.dll+0x68f243]
V  [jvm.dll+0x80bb63]
V  [jvm.dll+0x36b514]
V  [jvm.dll+0x7e9e3f]
V  [jvm.dll+0x3f1d7f]
V  [jvm.dll+0x3f38b1]
C  [jli.dll+0x5278]
C  [ucrtbase.dll+0x29333]
C  [KERNEL32.DLL+0x1259d]
C  [ntdll.dll+0x5af38]


---------------  P R O C E S S  ---------------

Threads class SMR info:
_java_thread_list=0x00007ff9d67b7f58, length=0, elements={
}

Java Threads: ( => current thread )

Other Threads:
  0x000002371bfa68d0 GCTaskThread "GC Thread#0" [stack: 0x000000fb50e00000,0x000000fb50f00000] [id=19064]

=>0x000002371bf914d0 (exited) JavaThread "Unknown thread" [_thread_in_vm, id=18852, stack(0x000000fb50d00000,0x000000fb50e00000)]

Threads with active compile tasks:

VM state: not at safepoint (normal execution)

VM Mutex/Monitor currently owned by a thread: None

Heap address: 0x00000000c0000000, size: 1024 MB, Compressed Oops mode: 32-bit

CDS archive(s) not mapped
Compressed class space mapped at: 0x0000000100000000-0x0000000140000000, reserved size: 1073741824
Narrow klass base: 0x0000000000000000, Narrow klass shift: 3, Narrow klass range: 0x140000000

GC Precious Log:
 CPUs: 16 total, 16 available
 Memory: 7893M
 Large Page Support: Disabled
 NUMA Support: Disabled
 Compressed Oops: Enabled (32-bit)
 Alignments: Space 512K, Generation 512K, Heap 2M
 Heap Min Capacity: 100M
 Heap Initial Capacity: 100M
 Heap Max Capacity: 1G
 Pre-touch: Disabled
 Parallel Workers: 13

Heap:
 PSYoungGen      total 29696K, used 512K [0x00000000eab00000, 0x00000000ecc00000, 0x0000000100000000)
  eden space 25600K, 2% used [0x00000000eab00000,0x00000000eab80070,0x00000000ec400000)
  from space 4096K, 0% used [0x00000000ec800000,0x00000000ec800000,0x00000000ecc00000)
  to   space 4096K, 0% used [0x00000000ec400000,0x00000000ec400000,0x00000000ec800000)
 ParOldGen       total 68608K, used 0K [0x00000000c0000000, 0x00000000c4300000, 0x00000000eab00000)
  object space 68608K, 0% used [0x00000000c0000000,0x00000000c0000000,0x00000000c4300000)
 Metaspace       used 1149K, committed 1216K, reserved 1114112K
  class space    used 101K, committed 128K, reserved 1048576K

Card table byte_map: [0x000002372f5e0000,0x000002372f7f0000] _byte_map_base: 0x000002372efe0000

Marking Bits: (ParMarkBitMap*) 0x00007ff9d6826940
 Begin Bits: [0x000002372f950000, 0x0000023730950000)
 End Bits:   [0x0000023730950000, 0x0000023731950000)

Polling page: 0x000002371c040000

Metaspace:

Usage:
  Non-class:      1.02 MB used.
      Class:    101.05 KB used.
       Both:      1.12 MB used.

Virtual space:
  Non-class space:       64.00 MB reserved,       1.06 MB (  2%) committed,  1 nodes.
      Class space:        1.00 GB reserved,     128.00 KB ( <1%) committed,  1 nodes.
             Both:        1.06 GB reserved,       1.19 MB ( <1%) committed. 

Chunk freelists:
   Non-Class:  12.00 MB
       Class:  15.75 MB
        Both:  27.75 MB

MaxMetaspaceSize: unlimited
CompressedClassSpaceSize: 1.00 GB
Initial GC threshold: 21.00 MB
Current GC threshold: 17179869184.00 GB
CDS: off
MetaspaceReclaimPolicy: balanced
 - commit_granule_bytes: 65536.
 - commit_granule_words: 8192.
 - virtual_space_node_default_size: 8388608.
 - enlarge_chunks_in_place: 1.
 - new_chunks_are_fully_committed: 0.
 - uncommit_free_chunks: 1.
 - use_allocation_guard: 0.
 - handle_deallocations: 1.


Internal statistics:

num_allocs_failed_limit: 0.
num_arena_births: 2.
num_arena_deaths: 0.
num_vsnodes_births: 2.
num_vsnodes_deaths: 0.
num_space_committed: 19.
num_space_uncommitted: 0.
num_chunks_returned_to_freelist: 0.
num_chunks_taken_from_freelist: 3.
num_chunk_merges: 0.
num_chunk_splits: 2.
num_chunks_enlarged: 0.
num_inconsistent_stats: 0.

CodeHeap 'non-profiled nmethods': size=119168Kb used=0Kb max_used=0Kb free=119168Kb
 bounds [0x0000023727f90000, 0x0000023728200000, 0x000002372f3f0000]
CodeHeap 'profiled nmethods': size=119104Kb used=0Kb max_used=0Kb free=119104Kb
 bounds [0x00000237203f0000, 0x0000023720660000, 0x0000023727840000]
CodeHeap 'non-nmethods': size=7488Kb used=202Kb max_used=353Kb free=7285Kb
 bounds [0x0000023727840000, 0x0000023727ab0000, 0x0000023727f90000]
 total_blobs=66 nmethods=0 adapters=47
 compilation: enabled
              stopped_count=0, restarted_count=0
 full_count=0

Compilation events (0 events):
No events

GC Heap History (0 events):
No events

Dll operation events (1 events):
Event: 0.053 Loaded shared library c:\Users\lequa\.cursor\extensions\redhat.java-1.36.0-win32-x64\jre\17.0.13-win32-x86_64\bin\java.dll

Deoptimization events (0 events):
No events

Classes loaded (20 events):
Event: 0.066 Loading class java/lang/Long
Event: 0.067 Loading class java/lang/Long done
Event: 0.067 Loading class java/util/Iterator
Event: 0.067 Loading class java/util/Iterator done
Event: 0.067 Loading class java/lang/reflect/RecordComponent
Event: 0.067 Loading class java/lang/reflect/RecordComponent done
Event: 0.067 Loading class jdk/internal/vm/vector/VectorSupport
Event: 0.067 Loading class jdk/internal/vm/vector/VectorSupport done
Event: 0.067 Loading class jdk/internal/vm/vector/VectorSupport$VectorPayload
Event: 0.067 Loading class jdk/internal/vm/vector/VectorSupport$VectorPayload done
Event: 0.067 Loading class jdk/internal/vm/vector/VectorSupport$Vector
Event: 0.067 Loading class jdk/internal/vm/vector/VectorSupport$Vector done
Event: 0.067 Loading class jdk/internal/vm/vector/VectorSupport$VectorMask
Event: 0.067 Loading class jdk/internal/vm/vector/VectorSupport$VectorMask done
Event: 0.067 Loading class jdk/internal/vm/vector/VectorSupport$VectorShuffle
Event: 0.067 Loading class jdk/internal/vm/vector/VectorSupport$VectorShuffle done
Event: 0.069 Loading class java/lang/NullPointerException
Event: 0.069 Loading class java/lang/NullPointerException done
Event: 0.069 Loading class java/lang/ArithmeticException
Event: 0.069 Loading class java/lang/ArithmeticException done

Classes unloaded (0 events):
No events

Classes redefined (0 events):
No events

Internal exceptions (0 events):
No events

VM Operations (0 events):
No events

Memory protections (0 events):
No events

Nmethod flushes (0 events):
No events

Events (0 events):
No events


Dynamic libraries:
0x00007ff6729b0000 - 0x00007ff6729be000 	c:\Users\lequa\.cursor\extensions\redhat.java-1.36.0-win32-x64\jre\17.0.13-win32-x86_64\bin\java.exe
0x00007ffa7fa30000 - 0x00007ffa7fc47000 	C:\Windows\SYSTEM32\ntdll.dll
0x00007ffa7e1e0000 - 0x00007ffa7e2a4000 	C:\Windows\System32\KERNEL32.DLL
0x00007ffa7d0e0000 - 0x00007ffa7d499000 	C:\Windows\System32\KERNELBASE.dll
0x00007ffa7cef0000 - 0x00007ffa7d001000 	C:\Windows\System32\ucrtbase.dll
0x00007ff9d69c0000 - 0x00007ff9d69de000 	c:\Users\lequa\.cursor\extensions\redhat.java-1.36.0-win32-x64\jre\17.0.13-win32-x86_64\bin\VCRUNTIME140.dll
0x00007ff9d69a0000 - 0x00007ff9d69b7000 	c:\Users\lequa\.cursor\extensions\redhat.java-1.36.0-win32-x64\jre\17.0.13-win32-x86_64\bin\jli.dll
0x00007ffa7e340000 - 0x00007ffa7e4ee000 	C:\Windows\System32\USER32.dll
0x00007ffa7d0b0000 - 0x00007ffa7d0d6000 	C:\Windows\System32\win32u.dll
0x00007ffa5b030000 - 0x00007ffa5b2c2000 	C:\Windows\WinSxS\amd64_microsoft.windows.common-controls_6595b64144ccf1df_6.0.22621.4391_none_2715d37f73803e96\COMCTL32.dll
0x00007ffa7f900000 - 0x00007ffa7f929000 	C:\Windows\System32\GDI32.dll
0x00007ffa7d870000 - 0x00007ffa7d917000 	C:\Windows\System32\msvcrt.dll
0x00007ffa7cd30000 - 0x00007ffa7ce4b000 	C:\Windows\System32\gdi32full.dll
0x00007ffa7d010000 - 0x00007ffa7d0aa000 	C:\Windows\System32\msvcp_win.dll
0x00007ffa7efe0000 - 0x00007ffa7f011000 	C:\Windows\System32\IMM32.DLL
0x00007ffa25b40000 - 0x00007ffa25b4c000 	c:\Users\lequa\.cursor\extensions\redhat.java-1.36.0-win32-x64\jre\17.0.13-win32-x86_64\bin\vcruntime140_1.dll
0x00007ff9d68f0000 - 0x00007ff9d697d000 	c:\Users\lequa\.cursor\extensions\redhat.java-1.36.0-win32-x64\jre\17.0.13-win32-x86_64\bin\msvcp140.dll
0x00007ff9d5c80000 - 0x00007ff9d68eb000 	c:\Users\lequa\.cursor\extensions\redhat.java-1.36.0-win32-x64\jre\17.0.13-win32-x86_64\bin\server\jvm.dll
0x00007ffa7f930000 - 0x00007ffa7f9e2000 	C:\Windows\System32\ADVAPI32.dll
0x00007ffa7e0d0000 - 0x00007ffa7e177000 	C:\Windows\System32\sechost.dll
0x00007ffa7ce50000 - 0x00007ffa7ce78000 	C:\Windows\System32\bcrypt.dll
0x00007ffa7d750000 - 0x00007ffa7d864000 	C:\Windows\System32\RPCRT4.dll
0x00007ffa7f070000 - 0x00007ffa7f0e1000 	C:\Windows\System32\WS2_32.dll
0x00007ffa7bbe0000 - 0x00007ffa7bc2d000 	C:\Windows\SYSTEM32\POWRPROF.dll
0x00007ffa75af0000 - 0x00007ffa75b24000 	C:\Windows\SYSTEM32\WINMM.dll
0x00007ffa73a00000 - 0x00007ffa73a0a000 	C:\Windows\SYSTEM32\VERSION.dll
0x00007ffa7bba0000 - 0x00007ffa7bbb3000 	C:\Windows\SYSTEM32\UMPDC.dll
0x00007ffa7be60000 - 0x00007ffa7be78000 	C:\Windows\SYSTEM32\kernel.appcore.dll
0x00007ffa1e390000 - 0x00007ffa1e39a000 	c:\Users\lequa\.cursor\extensions\redhat.java-1.36.0-win32-x64\jre\17.0.13-win32-x86_64\bin\jimage.dll
0x00007ffa7a1b0000 - 0x00007ffa7a3e2000 	C:\Windows\SYSTEM32\DBGHELP.DLL
0x00007ffa7da30000 - 0x00007ffa7ddbf000 	C:\Windows\System32\combase.dll
0x00007ffa7ddc0000 - 0x00007ffa7de97000 	C:\Windows\System32\OLEAUT32.dll
0x00007ffa6e6b0000 - 0x00007ffa6e6e2000 	C:\Windows\SYSTEM32\dbgcore.DLL
0x00007ffa7d4a0000 - 0x00007ffa7d51b000 	C:\Windows\System32\bcryptPrimitives.dll
0x00007ffa1bed0000 - 0x00007ffa1bede000 	c:\Users\lequa\.cursor\extensions\redhat.java-1.36.0-win32-x64\jre\17.0.13-win32-x86_64\bin\instrument.dll
0x00007ff9d5c50000 - 0x00007ff9d5c75000 	c:\Users\lequa\.cursor\extensions\redhat.java-1.36.0-win32-x64\jre\17.0.13-win32-x86_64\bin\java.dll
0x00007ff9d5c30000 - 0x00007ff9d5c48000 	c:\Users\lequa\.cursor\extensions\redhat.java-1.36.0-win32-x64\jre\17.0.13-win32-x86_64\bin\zip.dll

dbghelp: loaded successfully - version: 4.0.5 - missing functions: none
symbol engine: initialized successfully - sym options: 0x614 - pdb path: .;c:\Users\lequa\.cursor\extensions\redhat.java-1.36.0-win32-x64\jre\17.0.13-win32-x86_64\bin;C:\Windows\SYSTEM32;C:\Windows\WinSxS\amd64_microsoft.windows.common-controls_6595b64144ccf1df_6.0.22621.4391_none_2715d37f73803e96;c:\Users\lequa\.cursor\extensions\redhat.java-1.36.0-win32-x64\jre\17.0.13-win32-x86_64\bin\server

VM Arguments:
jvm_args: --add-modules=ALL-SYSTEM --add-opens=java.base/java.util=ALL-UNNAMED --add-opens=java.base/java.lang=ALL-UNNAMED --add-opens=java.base/sun.nio.fs=ALL-UNNAMED -Declipse.application=org.eclipse.jdt.ls.core.id1 -Dosgi.bundles.defaultStartLevel=4 -Declipse.product=org.eclipse.jdt.ls.core.product -Djava.import.generatesMetadataFilesAtProjectRoot=false -DDetectVMInstallationsJob.disabled=true -Dfile.encoding=utf8 -XX:+UseParallelGC -XX:GCTimeRatio=4 -XX:AdaptiveSizePolicyWeight=90 -Dsun.zip.disableMemoryMapping=true -Xmx1G -Xms100m -Xlog:disable -javaagent:c:\Users\lequa\.cursor\extensions\redhat.java-1.36.0-win32-x64\lombok\lombok-1.18.35.jar -XX:+HeapDumpOnOutOfMemoryError -XX:HeapDumpPath=c:\Users\lequa\AppData\Roaming\Cursor\User\workspaceStorage\c09576f1d373047de186b374643213d6\redhat.java -Daether.dependencyCollector.impl=bf 
java_command: c:\Users\lequa\.cursor\extensions\redhat.java-1.36.0-win32-x64\server\plugins\org.eclipse.equinox.launcher_1.6.900.v20240613-2009.jar -configuration c:\Users\lequa\AppData\Roaming\Cursor\User\globalStorage\redhat.java\1.36.0\config_win -data c:\Users\lequa\AppData\Roaming\Cursor\User\workspaceStorage\c09576f1d373047de186b374643213d6\redhat.java\jdt_ws --pipe=\\.\pipe\lsp-20681f5e2c9fe0d61f357a9ec9470a4c-sock
java_class_path (initial): c:\Users\lequa\.cursor\extensions\redhat.java-1.36.0-win32-x64\server\plugins\org.eclipse.equinox.launcher_1.6.900.v20240613-2009.jar
Launcher Type: SUN_STANDARD

[Global flags]
    uintx AdaptiveSizePolicyWeight                 = 90                                        {product} {command line}
     intx CICompilerCount                          = 12                                        {product} {ergonomic}
    uintx GCTimeRatio                              = 4                                         {product} {command line}
     bool HeapDumpOnOutOfMemoryError               = true                                   {manageable} {command line}
    ccstr HeapDumpPath                             = c:\Users\lequa\AppData\Roaming\Cursor\User\workspaceStorage\c09576f1d373047de186b374643213d6\redhat.java         {manageable} {command line}
   size_t InitialHeapSize                          = 104857600                                 {product} {command line}
   size_t MaxHeapSize                              = 1073741824                                {product} {command line}
   size_t MaxNewSize                               = 357564416                                 {product} {ergonomic}
   size_t MinHeapDeltaBytes                        = 524288                                    {product} {ergonomic}
   size_t MinHeapSize                              = 104857600                                 {product} {command line}
   size_t NewSize                                  = 34603008                                  {product} {ergonomic}
    uintx NonNMethodCodeHeapSize                   = 7602480                                {pd product} {ergonomic}
    uintx NonProfiledCodeHeapSize                  = 122027880                              {pd product} {ergonomic}
   size_t OldSize                                  = 70254592                                  {product} {ergonomic}
    uintx ProfiledCodeHeapSize                     = 122027880                              {pd product} {ergonomic}
    uintx ReservedCodeCacheSize                    = 251658240                              {pd product} {ergonomic}
     bool SegmentedCodeCache                       = true                                      {product} {ergonomic}
   size_t SoftMaxHeapSize                          = 1073741824                             {manageable} {ergonomic}
     bool UseCompressedClassPointers               = true                           {product lp64_product} {ergonomic}
     bool UseCompressedOops                        = true                           {product lp64_product} {ergonomic}
     bool UseLargePagesIndividualAllocation        = false                                  {pd product} {ergonomic}
     bool UseParallelGC                            = true                                      {product} {command line}

Logging:
Log output configuration:
 #0: stdout all=off uptime,level,tags
 #1: stderr all=off uptime,level,tags

Environment Variables:
JAVA_HOME=C:\Program Files\Java\jdk-21
PATH=C:\Program Files\Common Files\Oracle\Java\javapath;C:\Program Files (x86)\Common Files\Oracle\Java\javapath;C:\Python311\Scripts\;C:\Python311\;C:\Windows\system32;C:\Windows;C:\Windows\System32\Wbem;C:\Windows\System32\WindowsPowerShell\v1.0\;C:\Windows\System32\OpenSSH\;C:\Program Files (x86)\NVIDIA Corporation\PhysX\Common;C:\Program Files\NVIDIA Corporation\NVIDIA NvDLISR;D:\Visual Leak Detector\bin\Win32;D:\Visual Leak Detector\bin\Win64;C:\Program Files (x86)\Windows Kits\10\Windows Performance Toolkit\;D:\Git\cmd;%JAVA_HOME\bin;C:\Program Files\dotnet\;c:\Users\lequa\AppData\Local\Programs\cursor\resources\app\bin;C:\Program Files\PowerShell\7\;C:\Users\lequa\AppData\Local\Programs\Python\Launcher\;C:\Users\lequa\AppData\Local\Microsoft\WindowsApps;D:\Microsoft VS Code\bin;D:\msys64\ucrt64\bin;D:\msys64\mingw64\bin;C:\Users\lequa\OneDrive\Desktop\SDL\SDL2-devel-2.30.0-VC\SDL2-2.30.0\lib\x64;C:\Users\lequa\.dotnet\tools;C:\Users\lequa\AppData\Local\GitHubDesktop\bin;D:\DataGrip 2024.2.2\bin;
USERNAME=lequa
OS=Windows_NT
PROCESSOR_IDENTIFIER=Intel64 Family 6 Model 154 Stepping 3, GenuineIntel
TMP=C:\Users\lequa\AppData\Local\Temp
TEMP=C:\Users\lequa\AppData\Local\Temp



Periodic native trim disabled


---------------  S Y S T E M  ---------------

OS:
 Windows 11 , 64 bit Build 22621 (10.0.22621.4391)
OS uptime: 0 days 3:45 hours

CPU: total 16 (initial active 16) (8 cores per cpu, 2 threads per core) family 6 model 154 stepping 3 microcode 0x416, cx8, cmov, fxsr, ht, mmx, 3dnowpref, sse, sse2, sse3, ssse3, sse4.1, sse4.2, popcnt, lzcnt, tsc, tscinvbit, avx, avx2, aes, erms, clmul, bmi1, bmi2, adx, sha, fma, vzeroupper, clflush, clflushopt, clwb
Processor Information for processor 0
  Max Mhz: 2700, Current Mhz: 2700, Mhz Limit: 2700
Processor Information for processor 1
  Max Mhz: 2700, Current Mhz: 2700, Mhz Limit: 2700
Processor Information for processor 2
  Max Mhz: 2700, Current Mhz: 2700, Mhz Limit: 2700
Processor Information for processor 3
  Max Mhz: 2700, Current Mhz: 2700, Mhz Limit: 2700
Processor Information for processor 4
  Max Mhz: 2700, Current Mhz: 2700, Mhz Limit: 2700
Processor Information for processor 5
  Max Mhz: 2700, Current Mhz: 2700, Mhz Limit: 2700
Processor Information for processor 6
  Max Mhz: 2700, Current Mhz: 2700, Mhz Limit: 2700
Processor Information for processor 7
  Max Mhz: 2700, Current Mhz: 2700, Mhz Limit: 2700
Processor Information for processor 8
  Max Mhz: 2700, Current Mhz: 2700, Mhz Limit: 2700
Processor Information for processor 9
  Max Mhz: 2700, Current Mhz: 2700, Mhz Limit: 2700
Processor Information for processor 10
  Max Mhz: 2700, Current Mhz: 2700, Mhz Limit: 2700
Processor Information for processor 11
  Max Mhz: 2700, Current Mhz: 2700, Mhz Limit: 2700
Processor Information for processor 12
  Max Mhz: 2700, Current Mhz: 1526, Mhz Limit: 1971
Processor Information for processor 13
  Max Mhz: 2700, Current Mhz: 1526, Mhz Limit: 1971
Processor Information for processor 14
  Max Mhz: 2700, Current Mhz: 1526, Mhz Limit: 1971
Processor Information for processor 15
  Max Mhz: 2700, Current Mhz: 1526, Mhz Limit: 1971

Memory: 4k page, system-wide physical 7893M (194M free)
TotalPageFile size 16085M (AvailPageFile size 39M)
current process WorkingSet (physical memory assigned to process): 16M, peak: 16M
current process commit charge ("private bytes"): 157M, peak: 158M

vm_info: OpenJDK 64-Bit Server VM (17.0.13+11) for windows-amd64 JRE (17.0.13+11), built on Oct 16 2024 00:10:08 by "admin" with MS VC++ 17.7 (VS2022)

END.
